[2024/11/04 18:07:10.255] - Starting server with initial configuration: {"gasLimit":6721975,"gasPrice":20000000000,"hardfork":"merge","hostname":"127.0.0.1","port":7545,"network_id":5777,"default_balance_ether":10000,"total_accounts":5,"unlocked_accounts":[],"locked":false,"vmErrorsOnRPCResponse":true,"verbose":false,"flavor":"ethereum","db_path":"C:\\Users\\richo\\AppData\\Roaming\\Ganache\\ui\\workspaces\\disagreeable-history\\chaindata","mnemonic":"season know fashion success agree alcohol yellow snake vessel disease viable wisdom","logDirectory":"F:\\Apps\\DAO_Fractio\\truffle_logs"}
[2024/11/04 18:07:10.510] - eth_subscribe
[2024/11/04 18:07:10.514] - eth_getLogs
[2024/11/04 18:07:10.516] - eth_subscribe
[2024/11/04 18:07:10.524] - eth_blockNumber
[2024/11/04 18:07:10.526] - eth_accounts
[2024/11/04 18:07:10.527] - eth_gasPrice
[2024/11/04 18:07:10.528] - eth_getBlockByNumber
[2024/11/04 18:07:10.535] - eth_subscribe
[2024/11/04 18:07:10.540] - eth_blockNumber
[2024/11/04 18:07:10.541] - eth_accounts
[2024/11/04 18:07:10.548] - eth_gasPrice
[2024/11/04 18:07:10.549] - eth_getBlockByNumber
[2024/11/04 18:07:10.551] - eth_subscribe
[2024/11/04 18:07:10.552] - eth_accounts
[2024/11/04 18:07:10.562] - eth_getBalance
[2024/11/04 18:07:10.565] - eth_getTransactionCount
[2024/11/04 18:07:10.567] - eth_subscribe
[2024/11/04 18:07:10.568] - eth_getLogs
[2024/11/04 18:07:10.569] - eth_subscribe
[2024/11/04 18:07:10.572] - eth_getBalance
[2024/11/04 18:07:10.573] - eth_getTransactionCount
[2024/11/04 18:07:10.694] - eth_getBalance
[2024/11/04 18:07:10.900] - eth_getTransactionCount
[2024/11/04 18:07:10.902] - eth_getBalance
[2024/11/04 18:07:10.903] - eth_getTransactionCount
[2024/11/04 18:07:10.904] - eth_getBalance
[2024/11/04 18:07:10.906] - eth_getTransactionCount
[2024/11/04 18:07:10.910] - eth_getBalance
[2024/11/04 18:07:10.911] - eth_getTransactionCount
[2024/11/04 18:07:10.912] - eth_getBalance
[2024/11/04 18:07:10.913] - eth_getTransactionCount
[2024/11/04 18:07:10.914] - eth_getBalance
[2024/11/04 18:07:10.915] - eth_getTransactionCount
[2024/11/04 18:07:11.016] - eth_getBalance
[2024/11/04 18:07:11.018] - eth_getTransactionCount
[2024/11/04 18:07:11.020] - eth_getBalance
[2024/11/04 18:07:11.021] - eth_getTransactionCount
[2024/11/04 18:07:11.022] - eth_getBalance
[2024/11/04 18:07:11.023] - eth_getTransactionCount
[2024/11/04 18:07:11.024] - eth_getBalance
[2024/11/04 18:07:11.026] - eth_getTransactionCount
[2024/11/04 18:07:11.027] - eth_getBalance
[2024/11/04 18:07:11.034] - eth_getTransactionCount
[2024/11/04 18:07:11.037] - eth_getBalance
[2024/11/04 18:07:11.038] - eth_getTransactionCount
[2024/11/04 18:07:11.039] - eth_getBalance
[2024/11/04 18:07:11.040] - eth_getTransactionCount
[2024/11/04 18:07:11.041] - eth_getBalance
[2024/11/04 18:07:11.042] - eth_getTransactionCount
[2024/11/04 18:07:11.044] - eth_getBalance
[2024/11/04 18:07:11.045] - eth_getTransactionCount
[2024/11/04 18:07:11.046] - eth_getBalance
[2024/11/04 18:07:11.048] - eth_getTransactionCount
[2024/11/04 18:07:11.112] - eth_getBalance
[2024/11/04 18:07:11.114] - eth_getTransactionCount
[2024/11/04 18:07:11.115] - eth_getBalance
[2024/11/04 18:07:11.116] - eth_getTransactionCount
[2024/11/04 18:13:12.290] - eth_unsubscribe
[2024/11/04 18:13:12.449] - eth_unsubscribe
