[2024/11/04 18:31:11.681] - Starting server with initial configuration: {"gasLimit":6721975,"gasPrice":20000000000,"hardfork":"merge","hostname":"127.0.0.1","port":7545,"network_id":5777,"default_balance_ether":10000000,"total_accounts":15,"unlocked_accounts":[],"locked":false,"vmErrorsOnRPCResponse":true,"verbose":false,"flavor":"ethereum","db_path":"C:\\Users\\richo\\AppData\\Roaming\\Ganache\\ui\\workspaces\\unhealthy-prose\\chaindata","mnemonic":"high order stay car crop soccer that diagram input green depend zero","logDirectory":"F:\\Apps\\DAO_Fractio\\truffle_logs"}
[2024/11/04 18:31:11.845] - eth_subscribe
[2024/11/04 18:31:11.849] - eth_getLogs
[2024/11/04 18:31:11.850] - eth_subscribe
[2024/11/04 18:31:11.853] - eth_subscribe
[2024/11/04 18:31:11.854] - eth_getLogs
[2024/11/04 18:31:11.855] - eth_subscribe
[2024/11/04 18:31:11.870] - eth_blockNumber
[2024/11/04 18:31:11.871] - eth_accounts
[2024/11/04 18:31:11.872] - eth_gasPrice
[2024/11/04 18:31:11.873] - eth_getBlockByNumber
[2024/11/04 18:31:11.874] - eth_subscribe
[2024/11/04 18:31:11.877] - eth_blockNumber
[2024/11/04 18:31:11.878] - eth_accounts
[2024/11/04 18:31:11.879] - eth_gasPrice
[2024/11/04 18:31:11.880] - eth_getBlockByNumber
[2024/11/04 18:31:11.881] - eth_subscribe
[2024/11/04 18:31:11.883] - eth_accounts
[2024/11/04 18:31:11.887] - eth_getBalance
[2024/11/04 18:31:11.890] - eth_getTransactionCount
[2024/11/04 18:31:11.893] - eth_getBalance
[2024/11/04 18:31:11.895] - eth_getTransactionCount
[2024/11/04 18:31:11.897] - eth_getBalance
[2024/11/04 18:31:11.900] - eth_getTransactionCount
[2024/11/04 18:31:11.903] - eth_getBalance
[2024/11/04 18:31:11.904] - eth_getTransactionCount
[2024/11/04 18:31:11.907] - eth_getBalance
[2024/11/04 18:31:11.909] - eth_getTransactionCount
[2024/11/04 18:31:11.911] - eth_getBalance
[2024/11/04 18:31:11.913] - eth_getTransactionCount
[2024/11/04 18:31:11.915] - eth_getBalance
[2024/11/04 18:31:11.917] - eth_getTransactionCount
[2024/11/04 18:31:11.919] - eth_getBalance
[2024/11/04 18:31:11.920] - eth_getTransactionCount
[2024/11/04 18:31:11.923] - eth_getBalance
[2024/11/04 18:31:11.924] - eth_getTransactionCount
[2024/11/04 18:31:11.926] - eth_getBalance
[2024/11/04 18:31:11.927] - eth_getTransactionCount
[2024/11/04 18:31:11.929] - eth_getBalance
[2024/11/04 18:31:11.931] - eth_getTransactionCount
[2024/11/04 18:31:11.933] - eth_getBalance
[2024/11/04 18:31:11.934] - eth_getTransactionCount
[2024/11/04 18:31:11.938] - eth_getBalance
[2024/11/04 18:31:11.940] - eth_getTransactionCount
[2024/11/04 18:31:11.942] - eth_getBalance
[2024/11/04 18:31:11.944] - eth_getTransactionCount
[2024/11/04 18:31:11.946] - eth_getBalance
[2024/11/04 18:31:11.949] - eth_getTransactionCount
[2024/11/04 18:31:11.987] - eth_getBalance
[2024/11/04 18:31:11.989] - eth_getTransactionCount
[2024/11/04 18:31:11.990] - eth_getBalance
[2024/11/04 18:31:11.992] - eth_getTransactionCount
[2024/11/04 18:31:11.994] - eth_getBalance
[2024/11/04 18:31:11.996] - eth_getTransactionCount
[2024/11/04 18:31:11.998] - eth_getBalance
[2024/11/04 18:31:12.000] - eth_getTransactionCount
[2024/11/04 18:31:12.002] - eth_getBalance
[2024/11/04 18:31:12.005] - eth_getTransactionCount
[2024/11/04 18:31:12.007] - eth_getBalance
[2024/11/04 18:31:12.008] - eth_getTransactionCount
[2024/11/04 18:31:12.011] - eth_getBalance
[2024/11/04 18:31:12.013] - eth_getTransactionCount
[2024/11/04 18:31:12.014] - eth_getBalance
[2024/11/04 18:31:12.017] - eth_getTransactionCount
[2024/11/04 18:31:12.020] - eth_getBalance
[2024/11/04 18:31:12.022] - eth_getTransactionCount
[2024/11/04 18:31:12.024] - eth_getBalance
[2024/11/04 18:31:12.026] - eth_getTransactionCount
[2024/11/04 18:31:12.028] - eth_getBalance
[2024/11/04 18:31:12.030] - eth_getTransactionCount
[2024/11/04 18:31:12.032] - eth_getBalance
[2024/11/04 18:31:12.034] - eth_getTransactionCount
[2024/11/04 18:31:12.037] - eth_getBalance
[2024/11/04 18:31:12.039] - eth_getTransactionCount
[2024/11/04 18:31:12.041] - eth_getBalance
[2024/11/04 18:31:12.044] - eth_getTransactionCount
[2024/11/04 18:31:12.046] - eth_getBalance
[2024/11/04 18:31:12.048] - eth_getTransactionCount
[2024/11/04 18:31:12.050] - eth_getBalance
[2024/11/04 18:31:12.052] - eth_getTransactionCount
[2024/11/04 18:31:12.054] - eth_getBalance
[2024/11/04 18:31:12.055] - eth_getTransactionCount
[2024/11/04 18:31:12.058] - eth_getBalance
[2024/11/04 18:31:12.059] - eth_getTransactionCount
[2024/11/04 18:31:12.060] - eth_getBalance
[2024/11/04 18:31:12.062] - eth_getTransactionCount
[2024/11/04 18:31:12.063] - eth_getBalance
[2024/11/04 18:31:12.065] - eth_getTransactionCount
[2024/11/04 18:31:12.066] - eth_getBalance
[2024/11/04 18:31:12.069] - eth_getTransactionCount
[2024/11/04 18:31:12.070] - eth_getBalance
[2024/11/04 18:31:12.072] - eth_getTransactionCount
[2024/11/04 18:31:12.072] - eth_getBalance
[2024/11/04 18:31:12.073] - eth_getTransactionCount
[2024/11/04 18:31:12.075] - eth_getBalance
[2024/11/04 18:31:12.076] - eth_getTransactionCount
[2024/11/04 18:31:12.077] - eth_getBalance
[2024/11/04 18:31:12.080] - eth_getTransactionCount
[2024/11/04 18:31:12.082] - eth_getBalance
[2024/11/04 18:31:12.084] - eth_getTransactionCount
[2024/11/04 18:31:12.085] - eth_getBalance
[2024/11/04 18:31:12.087] - eth_getTransactionCount
[2024/11/04 18:31:12.088] - eth_getBalance
[2024/11/04 18:31:12.090] - eth_getTransactionCount
[2024/11/04 18:31:12.091] - eth_getBalance
[2024/11/04 18:31:12.095] - eth_getTransactionCount
[2024/11/04 18:31:12.096] - eth_getBalance
[2024/11/04 18:31:12.098] - eth_getTransactionCount
[2024/11/04 18:31:12.127] - eth_getBalance
[2024/11/04 18:31:12.128] - eth_getTransactionCount
[2024/11/04 18:31:12.130] - eth_getBalance
[2024/11/04 18:31:12.131] - eth_getTransactionCount
[2024/11/04 18:31:12.133] - eth_getBalance
[2024/11/04 18:31:12.134] - eth_getTransactionCount
[2024/11/04 18:31:12.136] - eth_getBalance
[2024/11/04 18:31:12.138] - eth_getTransactionCount
[2024/11/04 18:31:12.140] - eth_getBalance
[2024/11/04 18:31:12.141] - eth_getTransactionCount
[2024/11/04 18:31:12.143] - eth_getBalance
[2024/11/04 18:31:12.145] - eth_getTransactionCount
[2024/11/04 18:31:12.146] - eth_getBalance
[2024/11/04 18:31:12.148] - eth_getTransactionCount
[2024/11/04 18:31:12.151] - eth_getBalance
[2024/11/04 18:31:12.152] - eth_getTransactionCount
[2024/11/04 18:31:12.154] - eth_getBalance
[2024/11/04 18:31:12.155] - eth_getTransactionCount
[2024/11/04 18:31:12.157] - eth_getBalance
[2024/11/04 18:31:12.160] - eth_getTransactionCount
[2024/11/04 18:31:12.162] - eth_getBalance
[2024/11/04 18:31:12.163] - eth_getTransactionCount
[2024/11/04 18:31:12.165] - eth_getBalance
[2024/11/04 18:31:12.167] - eth_getTransactionCount
[2024/11/04 18:31:12.169] - eth_getBalance
[2024/11/04 18:31:12.172] - eth_getTransactionCount
[2024/11/04 18:31:12.173] - eth_getBalance
[2024/11/04 18:31:12.175] - eth_getTransactionCount
[2024/11/04 18:31:12.177] - eth_getBalance
[2024/11/04 18:31:12.180] - eth_getTransactionCount
[2024/11/04 18:31:43.327] - eth_getBlockByNumber
[2024/11/04 18:31:43.429] - eth_getBlockTransactionCountByHash
[2024/11/04 18:31:44.731] - eth_getBlockByNumber
[2024/11/04 18:31:49.498] - eth_getLogs
[2024/11/04 18:32:29.713] - eth_blockNumber
[2024/11/04 18:32:29.756] - net_version
[2024/11/04 18:32:29.762] - eth_accounts
[2024/11/04 18:32:29.780] - eth_getBlockByNumber
[2024/11/04 18:32:29.789] - eth_accounts
[2024/11/04 18:32:29.885] - net_version
[2024/11/04 18:32:29.889] - eth_getBlockByNumber
[2024/11/04 18:32:29.894] - eth_getBlockByNumber
[2024/11/04 18:32:29.899] - net_version
[2024/11/04 18:32:29.904] - eth_getBlockByNumber
[2024/11/04 18:32:29.913] - eth_estimateGas
[2024/11/04 18:32:29.981] - net_version
[2024/11/04 18:32:29.983] - eth_blockNumber
[2024/11/04 18:32:29.985] - eth_getBlockByNumber
[2024/11/04 18:32:29.993] - eth_estimateGas
[2024/11/04 18:32:30.015] - eth_getBlockByNumber
[2024/11/04 18:32:30.017] - eth_gasPrice
[2024/11/04 18:32:30.022] - eth_sendTransaction
[2024/11/04 18:32:30.044] - 
  Transaction: 0x2e6f8a884614a5d2b370970eac0754ba6c72b4173ffebfc1b512cc6e929a8c9c
  Contract created: 0x5a7848d62f8713cfa32b32d295b8ea2f1b4e39be
  Gas usage: 206264
  Block number: 1
  Block time: Mon Nov 04 2024 18:32:30 GMT+0100 (Central European Standard Time)

[2024/11/04 18:32:30.052] - eth_getTransactionReceipt
[2024/11/04 18:32:30.056] - eth_getBlockByNumber
[2024/11/04 18:32:30.059] - eth_getCode
[2024/11/04 18:32:30.067] - eth_getTransactionByHash
[2024/11/04 18:32:30.072] - eth_getBlockByNumber
[2024/11/04 18:32:30.076] - eth_getBalance
[2024/11/04 18:32:30.086] - eth_getBlockByNumber
[2024/11/04 18:32:30.094] - eth_getBlockByNumber
[2024/11/04 18:32:30.106] - eth_estimateGas
[2024/11/04 18:32:30.110] - eth_getBalance
[2024/11/04 18:32:30.135] - eth_getBlockByNumber
[2024/11/04 18:32:30.137] - eth_gasPrice
[2024/11/04 18:32:30.139] - eth_getTransactionCount
[2024/11/04 18:32:30.144] - eth_sendTransaction
[2024/11/04 18:32:30.158] - 
  Transaction: 0x910fb17aa92d81014c8d54e93e975acd7ee8ac424f178989834da3423eed0291
  Gas usage: 45712
  Block number: 2
  Block time: Mon Nov 04 2024 18:32:30 GMT+0100 (Central European Standard Time)

[2024/11/04 18:32:30.162] - eth_getBalance
[2024/11/04 18:32:30.163] - eth_getBlockByNumber
[2024/11/04 18:32:30.165] - eth_getTransactionReceipt
[2024/11/04 18:32:30.178] - eth_getBlockByNumber
[2024/11/04 18:32:30.184] - eth_accounts
[2024/11/04 18:32:30.187] - eth_getTransactionCount
[2024/11/04 18:32:30.204] - eth_getBalance
[2024/11/04 18:32:30.226] - eth_getTransactionCount
[2024/11/04 18:32:30.252] - eth_getBalance
[2024/11/04 18:32:30.275] - eth_getTransactionCount
[2024/11/04 18:32:30.297] - eth_getBalance
[2024/11/04 18:32:30.320] - eth_getTransactionCount
[2024/11/04 18:32:30.325] - net_version
[2024/11/04 18:32:30.329] - eth_getBlockByNumber
[2024/11/04 18:32:30.333] - eth_getBlockByNumber
[2024/11/04 18:32:30.338] - net_version
[2024/11/04 18:32:30.341] - eth_getBlockByNumber
[2024/11/04 18:32:30.343] - eth_getBalance
[2024/11/04 18:32:30.347] - eth_estimateGas
[2024/11/04 18:32:30.366] - eth_getTransactionCount
[2024/11/04 18:32:30.394] - eth_getBalance
[2024/11/04 18:32:30.417] - eth_getTransactionCount
[2024/11/04 18:32:30.438] - eth_getBalance
[2024/11/04 18:32:30.441] - net_version
[2024/11/04 18:32:30.443] - eth_blockNumber
[2024/11/04 18:32:30.446] - eth_getBlockByNumber
[2024/11/04 18:32:30.452] - eth_estimateGas
[2024/11/04 18:32:30.468] - eth_getTransactionCount
[2024/11/04 18:32:30.483] - eth_getBalance
[2024/11/04 18:32:30.504] - eth_getTransactionCount
[2024/11/04 18:32:30.520] - eth_getBlockByNumber
[2024/11/04 18:32:30.522] - eth_gasPrice
[2024/11/04 18:32:30.525] - eth_sendTransaction
[2024/11/04 18:32:30.527] - eth_getBalance
[2024/11/04 18:32:30.546] - eth_getTransactionCount
[2024/11/04 18:32:30.564] - 
  Transaction: 0x8af7ade16d0a5890ccc3705be92d3a0ebbfd5f6416f46ad0ba6e89ffee7bc728
  Contract created: 0x837e734fc00ade488315edb406fdec35b7d1d9b0
  Gas usage: 1116049
  Block number: 3
  Block time: Mon Nov 04 2024 18:32:30 GMT+0100 (Central European Standard Time)

[2024/11/04 18:32:30.567] - eth_getBalance
[2024/11/04 18:32:30.569] - eth_getTransactionReceipt
[2024/11/04 18:32:30.572] - eth_getBlockByNumber
[2024/11/04 18:32:30.575] - eth_getCode
[2024/11/04 18:32:30.588] - eth_getTransactionByHash
[2024/11/04 18:32:30.590] - eth_getTransactionCount
[2024/11/04 18:32:30.592] - eth_getBlockByNumber
[2024/11/04 18:32:30.597] - eth_getBalance
[2024/11/04 18:32:30.604] - eth_getBlockByNumber
[2024/11/04 18:32:30.608] - net_version
[2024/11/04 18:32:30.615] - eth_getBlockByNumber
[2024/11/04 18:32:30.617] - eth_getBalance
[2024/11/04 18:32:30.619] - eth_getBlockByNumber
[2024/11/04 18:32:30.623] - net_version
[2024/11/04 18:32:30.627] - eth_getBlockByNumber
[2024/11/04 18:32:30.635] - eth_estimateGas
[2024/11/04 18:32:30.639] - eth_getTransactionCount
[2024/11/04 18:32:30.666] - eth_getBalance
[2024/11/04 18:32:30.682] - net_version
[2024/11/04 18:32:30.684] - eth_blockNumber
[2024/11/04 18:32:30.686] - eth_getBlockByNumber
[2024/11/04 18:32:30.690] - eth_getTransactionCount
[2024/11/04 18:32:30.692] - eth_estimateGas
[2024/11/04 18:32:30.707] - eth_getBalance
[2024/11/04 18:32:30.728] - eth_getTransactionCount
[2024/11/04 18:32:30.740] - eth_getBlockByNumber
[2024/11/04 18:32:30.742] - eth_gasPrice
[2024/11/04 18:32:30.745] - eth_sendTransaction
[2024/11/04 18:32:30.752] - eth_getBalance
[2024/11/04 18:32:30.771] - 
  Transaction: 0xe50c04798e166636ffa029a87502dc9d277b51158547d8cfb54aff28b6fa03b6
  Contract created: 0x440ae2fb30e3fe20bbedfdadde5f01273b32b72a
  Gas usage: 1737924
  Block number: 4
  Block time: Mon Nov 04 2024 18:32:30 GMT+0100 (Central European Standard Time)

[2024/11/04 18:32:30.774] - eth_getTransactionCount
[2024/11/04 18:32:30.776] - eth_getBlockByNumber
[2024/11/04 18:32:30.779] - eth_getTransactionReceipt
[2024/11/04 18:32:30.787] - eth_getCode
[2024/11/04 18:32:30.797] - eth_getTransactionByHash
[2024/11/04 18:32:30.802] - eth_getBlockByNumber
[2024/11/04 18:32:30.808] - eth_getBalance
[2024/11/04 18:32:30.865] - eth_getBlockByNumber
[2024/11/04 18:32:30.870] - eth_getBlockByNumber
[2024/11/04 18:32:30.874] - eth_estimateGas
[2024/11/04 18:32:30.896] - eth_getBlockByNumber
[2024/11/04 18:32:30.898] - eth_gasPrice
[2024/11/04 18:32:30.902] - eth_sendTransaction
[2024/11/04 18:32:30.911] - 
  Transaction: 0x4dbea9d3f6610fe8dfb1cd6993f9174936b3c0cee44105f504b1bd650dbaa711
  Gas usage: 28612
  Block number: 5
  Block time: Mon Nov 04 2024 18:32:30 GMT+0100 (Central European Standard Time)

[2024/11/04 18:32:30.914] - eth_getBlockByNumber
[2024/11/04 18:32:30.916] - eth_getTransactionReceipt
[2024/11/04 18:32:31.053] - eth_getBalance
[2024/11/04 18:32:31.076] - eth_getTransactionCount
[2024/11/04 18:32:31.103] - eth_getBalance
[2024/11/04 18:32:31.133] - eth_getTransactionCount
[2024/11/04 18:32:31.162] - eth_getBalance
[2024/11/04 18:32:31.192] - eth_getTransactionCount
[2024/11/04 18:32:31.220] - eth_getBalance
[2024/11/04 18:32:31.244] - eth_getTransactionCount
[2024/11/04 18:32:31.262] - eth_getBalance
[2024/11/04 18:32:31.287] - eth_getTransactionCount
[2024/11/04 18:32:31.311] - eth_getBalance
[2024/11/04 18:32:31.331] - eth_getTransactionCount
[2024/11/04 18:32:31.353] - eth_getBalance
[2024/11/04 18:32:31.374] - eth_getTransactionCount
[2024/11/04 18:32:31.396] - eth_getBalance
[2024/11/04 18:32:31.417] - eth_getTransactionCount
[2024/11/04 18:32:31.441] - eth_getBalance
[2024/11/04 18:32:31.463] - eth_getTransactionCount
[2024/11/04 18:32:31.484] - eth_getBalance
[2024/11/04 18:32:31.504] - eth_getTransactionCount
[2024/11/04 18:32:31.529] - eth_getBalance
[2024/11/04 18:32:31.549] - eth_getTransactionCount
[2024/11/04 18:32:31.572] - eth_getBalance
[2024/11/04 18:32:31.593] - eth_getTransactionCount
[2024/11/04 18:32:31.618] - eth_getBalance
[2024/11/04 18:32:31.639] - eth_getTransactionCount
[2024/11/04 18:32:31.660] - eth_getBalance
[2024/11/04 18:32:31.683] - eth_getTransactionCount
[2024/11/04 18:32:31.707] - eth_getBalance
[2024/11/04 18:32:31.730] - eth_getTransactionCount
[2024/11/04 18:32:31.767] - eth_getBalance
[2024/11/04 18:32:31.789] - eth_getTransactionCount
[2024/11/04 18:32:31.809] - eth_getBalance
[2024/11/04 18:32:31.829] - eth_getTransactionCount
[2024/11/04 18:32:31.851] - eth_getBalance
[2024/11/04 18:32:31.872] - eth_getTransactionCount
[2024/11/04 18:32:31.895] - eth_getBalance
[2024/11/04 18:32:31.917] - eth_getTransactionCount
[2024/11/04 18:32:31.940] - eth_getBalance
[2024/11/04 18:32:31.959] - eth_getTransactionCount
[2024/11/04 18:32:31.978] - eth_getBalance
[2024/11/04 18:32:31.999] - eth_getTransactionCount
[2024/11/04 18:32:32.019] - eth_getBalance
[2024/11/04 18:32:32.039] - eth_getTransactionCount
[2024/11/04 18:32:32.060] - eth_getBalance
[2024/11/04 18:32:32.081] - eth_getTransactionCount
[2024/11/04 18:32:32.103] - eth_getBalance
[2024/11/04 18:32:32.126] - eth_getTransactionCount
[2024/11/04 18:32:32.149] - eth_getBalance
[2024/11/04 18:32:32.174] - eth_getTransactionCount
[2024/11/04 18:32:32.195] - eth_getBalance
[2024/11/04 18:32:32.218] - eth_getTransactionCount
[2024/11/04 18:32:32.239] - eth_getBalance
[2024/11/04 18:32:32.261] - eth_getTransactionCount
[2024/11/04 18:32:32.281] - eth_getBalance
[2024/11/04 18:32:32.302] - eth_getTransactionCount
[2024/11/04 18:32:32.341] - eth_getBalance
[2024/11/04 18:32:32.363] - eth_getTransactionCount
[2024/11/04 18:32:32.381] - eth_getBalance
[2024/11/04 18:32:32.403] - eth_getTransactionCount
[2024/11/04 18:32:32.766] - eth_getBalance
[2024/11/04 18:32:32.787] - eth_getTransactionCount
[2024/11/04 18:32:32.809] - eth_getBalance
[2024/11/04 18:32:32.830] - eth_getTransactionCount
[2024/11/04 18:32:32.848] - eth_getBalance
[2024/11/04 18:32:32.868] - eth_getTransactionCount
[2024/11/04 18:32:32.887] - eth_getBalance
[2024/11/04 18:32:32.908] - eth_getTransactionCount
[2024/11/04 18:32:32.929] - eth_getBalance
[2024/11/04 18:32:32.949] - eth_getTransactionCount
[2024/11/04 18:32:32.971] - eth_getBalance
[2024/11/04 18:32:32.993] - eth_getTransactionCount
[2024/11/04 18:32:33.015] - eth_getBalance
[2024/11/04 18:32:33.037] - eth_getTransactionCount
[2024/11/04 18:32:33.060] - eth_getBalance
[2024/11/04 18:32:33.078] - eth_getTransactionCount
[2024/11/04 18:32:33.099] - eth_getBalance
[2024/11/04 18:32:33.121] - eth_getTransactionCount
[2024/11/04 18:32:33.143] - eth_getBalance
[2024/11/04 18:32:33.164] - eth_getTransactionCount
[2024/11/04 18:32:33.187] - eth_getBalance
[2024/11/04 18:32:33.211] - eth_getTransactionCount
[2024/11/04 18:32:33.233] - eth_getBalance
[2024/11/04 18:32:33.256] - eth_getTransactionCount
[2024/11/04 18:32:33.279] - eth_getBalance
[2024/11/04 18:32:33.300] - eth_getTransactionCount
[2024/11/04 18:32:33.318] - eth_getBalance
[2024/11/04 18:32:33.338] - eth_getTransactionCount
[2024/11/04 18:32:33.359] - eth_getBalance
[2024/11/04 18:32:33.380] - eth_getTransactionCount
[2024/11/04 18:32:33.400] - eth_getBalance
[2024/11/04 18:32:33.421] - eth_getTransactionCount
[2024/11/04 18:32:33.443] - eth_getBalance
[2024/11/04 18:32:33.467] - eth_getTransactionCount
[2024/11/04 18:32:33.492] - eth_getBalance
[2024/11/04 18:32:33.514] - eth_getTransactionCount
[2024/11/04 18:32:33.534] - eth_getBalance
[2024/11/04 18:32:33.555] - eth_getTransactionCount
[2024/11/04 18:32:33.577] - eth_getBalance
[2024/11/04 18:32:33.597] - eth_getTransactionCount
[2024/11/04 18:32:33.617] - eth_getBalance
[2024/11/04 18:32:33.638] - eth_getTransactionCount
[2024/11/04 18:32:33.658] - eth_getBalance
[2024/11/04 18:32:33.679] - eth_getTransactionCount
[2024/11/04 18:32:33.702] - eth_getBalance
[2024/11/04 18:32:33.723] - eth_getTransactionCount
[2024/11/04 18:32:33.746] - eth_getBalance
[2024/11/04 18:32:33.766] - eth_getTransactionCount
[2024/11/04 18:32:33.784] - eth_getBalance
[2024/11/04 18:32:33.805] - eth_getTransactionCount
[2024/11/04 18:32:33.824] - eth_getBalance
[2024/11/04 18:32:33.845] - eth_getTransactionCount
[2024/11/04 18:32:33.865] - eth_getBalance
[2024/11/04 18:32:33.886] - eth_getTransactionCount
[2024/11/04 18:32:33.907] - eth_getBalance
[2024/11/04 18:32:33.929] - eth_getTransactionCount
[2024/11/04 18:32:33.951] - eth_getBalance
[2024/11/04 18:32:33.972] - eth_getTransactionCount
[2024/11/04 18:32:33.992] - eth_getBalance
[2024/11/04 18:32:34.012] - eth_getTransactionCount
[2024/11/04 18:32:34.654] - eth_getBalance
[2024/11/04 18:32:34.671] - eth_getTransactionCount
[2024/11/04 18:32:34.691] - eth_getTransactionCount
[2024/11/04 18:32:34.712] - eth_getBalance
[2024/11/04 18:32:34.733] - eth_getTransactionCount
[2024/11/04 18:32:34.754] - eth_getBalance
[2024/11/04 18:32:34.774] - eth_getTransactionCount
[2024/11/04 18:32:34.796] - eth_getBalance
[2024/11/04 18:32:34.816] - eth_getTransactionCount
[2024/11/04 18:32:34.840] - eth_getBalance
[2024/11/04 18:32:34.861] - eth_getTransactionCount
[2024/11/04 18:32:34.880] - eth_getBalance
[2024/11/04 18:32:34.898] - eth_getTransactionCount
[2024/11/04 18:32:34.920] - eth_getBalance
[2024/11/04 18:32:34.942] - eth_getTransactionCount
[2024/11/04 18:32:34.965] - eth_getBalance
[2024/11/04 18:32:34.988] - eth_getTransactionCount
[2024/11/04 18:32:35.013] - eth_getBalance
[2024/11/04 18:32:35.032] - eth_getTransactionCount
[2024/11/04 18:32:35.053] - eth_getBalance
[2024/11/04 18:32:35.073] - eth_getTransactionCount
[2024/11/04 18:32:35.095] - eth_getBalance
[2024/11/04 18:32:35.115] - eth_getTransactionCount
[2024/11/04 18:32:35.135] - eth_getBalance
[2024/11/04 18:32:35.156] - eth_getTransactionCount
[2024/11/04 18:32:35.179] - eth_getBalance
[2024/11/04 18:32:35.205] - eth_getTransactionCount
[2024/11/04 18:32:35.996] - eth_getBalance
[2024/11/04 18:32:36.018] - eth_getTransactionCount
[2024/11/04 18:32:36.039] - eth_getBalance
[2024/11/04 18:32:36.060] - eth_getTransactionCount
[2024/11/04 18:32:36.077] - eth_getBalance
[2024/11/04 18:32:36.097] - eth_getTransactionCount
[2024/11/04 18:32:36.115] - eth_getBalance
[2024/11/04 18:32:36.135] - eth_getTransactionCount
[2024/11/04 18:32:36.157] - eth_getBalance
[2024/11/04 18:32:36.178] - eth_getTransactionCount
[2024/11/04 18:32:36.200] - eth_getBalance
[2024/11/04 18:32:36.223] - eth_getTransactionCount
[2024/11/04 18:32:36.244] - eth_getBalance
[2024/11/04 18:32:36.262] - eth_getTransactionCount
[2024/11/04 18:32:36.284] - eth_getBalance
[2024/11/04 18:32:36.304] - eth_getTransactionCount
[2024/11/04 18:32:36.324] - eth_getBalance
[2024/11/04 18:32:36.346] - eth_getTransactionCount
[2024/11/04 18:32:36.368] - eth_getBalance
[2024/11/04 18:32:36.389] - eth_getTransactionCount
[2024/11/04 18:32:36.412] - eth_getBalance
[2024/11/04 18:32:36.432] - eth_getTransactionCount
[2024/11/04 18:32:36.452] - eth_getBalance
[2024/11/04 18:32:36.470] - eth_getTransactionCount
[2024/11/04 18:32:36.489] - eth_getBalance
[2024/11/04 18:32:36.508] - eth_getTransactionCount
[2024/11/04 18:32:36.528] - eth_getBalance
[2024/11/04 18:32:36.549] - eth_getTransactionCount
[2024/11/04 18:32:36.916] - eth_getBalance
[2024/11/04 18:32:36.940] - eth_getTransactionCount
[2024/11/04 18:32:36.961] - eth_getBalance
[2024/11/04 18:32:36.984] - eth_getTransactionCount
[2024/11/04 18:32:37.018] - eth_getBalance
[2024/11/04 18:32:37.045] - eth_getTransactionCount
[2024/11/04 18:32:37.066] - eth_getBalance
[2024/11/04 18:32:37.087] - eth_getTransactionCount
[2024/11/04 18:32:37.110] - eth_getBalance
[2024/11/04 18:32:37.145] - eth_getTransactionCount
[2024/11/04 18:32:37.182] - eth_getBalance
[2024/11/04 18:32:37.216] - eth_getTransactionCount
[2024/11/04 18:32:37.240] - eth_getBalance
[2024/11/04 18:32:37.263] - eth_getTransactionCount
[2024/11/04 18:32:37.285] - eth_getBalance
[2024/11/04 18:32:37.306] - eth_getTransactionCount
[2024/11/04 18:32:37.327] - eth_getBalance
[2024/11/04 18:32:37.348] - eth_getTransactionCount
[2024/11/04 18:32:37.369] - eth_getBalance
[2024/11/04 18:32:37.391] - eth_getTransactionCount
[2024/11/04 18:32:37.413] - eth_getBalance
[2024/11/04 18:32:37.435] - eth_getTransactionCount
[2024/11/04 18:32:37.459] - eth_getBalance
[2024/11/04 18:32:37.480] - eth_getTransactionCount
[2024/11/04 18:32:37.503] - eth_getBalance
[2024/11/04 18:32:37.525] - eth_getTransactionCount
[2024/11/04 18:32:37.549] - eth_getBalance
[2024/11/04 18:32:37.572] - eth_getTransactionCount
[2024/11/04 18:32:37.598] - eth_getBalance
[2024/11/04 18:32:37.618] - eth_getTransactionCount
[2024/11/04 18:32:37.787] - eth_getBalance
[2024/11/04 18:32:37.809] - eth_getTransactionCount
[2024/11/04 18:32:37.827] - eth_getBalance
[2024/11/04 18:32:37.848] - eth_getTransactionCount
[2024/11/04 18:32:37.867] - eth_getBalance
[2024/11/04 18:32:37.887] - eth_getTransactionCount
[2024/11/04 18:32:37.908] - eth_getBalance
[2024/11/04 18:32:37.927] - eth_getTransactionCount
[2024/11/04 18:32:37.948] - eth_getBalance
[2024/11/04 18:32:37.972] - eth_getTransactionCount
[2024/11/04 18:32:37.995] - eth_getBalance
[2024/11/04 18:32:38.014] - eth_getTransactionCount
[2024/11/04 18:32:38.032] - eth_getBalance
[2024/11/04 18:32:38.052] - eth_getTransactionCount
[2024/11/04 18:32:38.072] - eth_getBalance
[2024/11/04 18:32:38.092] - eth_getTransactionCount
[2024/11/04 18:32:38.112] - eth_getBalance
[2024/11/04 18:32:38.134] - eth_getTransactionCount
[2024/11/04 18:32:38.155] - eth_getBalance
[2024/11/04 18:32:38.176] - eth_getTransactionCount
[2024/11/04 18:32:38.195] - eth_getBalance
[2024/11/04 18:32:38.215] - eth_getTransactionCount
[2024/11/04 18:32:38.234] - eth_getBalance
[2024/11/04 18:32:38.256] - eth_getTransactionCount
[2024/11/04 18:32:38.276] - eth_getBalance
[2024/11/04 18:32:38.296] - eth_getTransactionCount
[2024/11/04 18:32:38.321] - eth_getBalance
[2024/11/04 18:32:38.345] - eth_getTransactionCount
