[2024/11/04 18:02:47.109] - Starting server with initial configuration: {"gasLimit":6721975,"gasPrice":20000000000,"hardfork":"merge","hostname":"127.0.0.1","port":7545,"network_id":5777,"default_balance_ether":100,"total_accounts":10,"unlocked_accounts":[],"locked":false,"vmErrorsOnRPCResponse":true,"verbose":false,"flavor":"ethereum","db_path":"C:\\Users\\richo\\AppData\\Roaming\\Ganache\\ui\\workspaces\\numberless-paper\\chaindata","mnemonic":"tool gaze fog milk afraid emerge jazz click cage output eternal drip","logDirectory":"F:\\Apps\\DAO_Fractio\\truffle_logs"}
[2024/11/04 18:02:47.769] - eth_subscribe
[2024/11/04 18:02:47.842] - eth_getLogs
[2024/11/04 18:02:47.844] - eth_subscribe
[2024/11/04 18:02:47.849] - eth_subscribe
[2024/11/04 18:02:47.851] - eth_getLogs
[2024/11/04 18:02:47.858] - eth_subscribe
[2024/11/04 18:02:48.214] - eth_blockNumber
[2024/11/04 18:02:48.218] - eth_accounts
[2024/11/04 18:02:48.220] - eth_gasPrice
[2024/11/04 18:02:48.221] - eth_getBlockByNumber
[2024/11/04 18:02:48.223] - eth_subscribe
[2024/11/04 18:02:48.227] - eth_blockNumber
[2024/11/04 18:02:48.230] - eth_accounts
[2024/11/04 18:02:48.232] - eth_gasPrice
[2024/11/04 18:02:48.233] - eth_getBlockByNumber
[2024/11/04 18:02:48.235] - eth_subscribe
[2024/11/04 18:02:48.248] - eth_getBalance
[2024/11/04 18:02:48.255] - eth_getTransactionCount
[2024/11/04 18:02:48.258] - eth_getBalance
[2024/11/04 18:02:48.261] - eth_getTransactionCount
[2024/11/04 18:02:48.265] - eth_getBalance
[2024/11/04 18:02:48.266] - eth_getTransactionCount
[2024/11/04 18:02:48.269] - eth_getBalance
[2024/11/04 18:02:48.272] - eth_getTransactionCount
[2024/11/04 18:02:48.274] - eth_getBalance
[2024/11/04 18:02:48.276] - eth_getTransactionCount
[2024/11/04 18:02:48.278] - eth_getBalance
[2024/11/04 18:02:48.280] - eth_getTransactionCount
[2024/11/04 18:02:48.282] - eth_getBalance
[2024/11/04 18:02:48.285] - eth_getTransactionCount
[2024/11/04 18:02:48.289] - eth_getBalance
[2024/11/04 18:02:48.293] - eth_getTransactionCount
[2024/11/04 18:02:48.295] - eth_getBalance
[2024/11/04 18:02:48.298] - eth_getTransactionCount
[2024/11/04 18:02:48.301] - eth_getBalance
[2024/11/04 18:02:48.304] - eth_getTransactionCount
[2024/11/04 18:02:48.306] - eth_getBalance
[2024/11/04 18:02:48.309] - eth_getTransactionCount
[2024/11/04 18:02:48.312] - eth_getBalance
[2024/11/04 18:02:48.313] - eth_getTransactionCount
[2024/11/04 18:02:48.316] - eth_getBalance
[2024/11/04 18:02:48.319] - eth_getTransactionCount
[2024/11/04 18:02:48.321] - eth_getBalance
[2024/11/04 18:02:48.324] - eth_getTransactionCount
[2024/11/04 18:02:48.326] - eth_getBalance
[2024/11/04 18:02:48.328] - eth_getTransactionCount
[2024/11/04 18:02:48.354] - eth_getBalance
[2024/11/04 18:02:48.536] - eth_getTransactionCount
[2024/11/04 18:02:48.614] - eth_getBalance
[2024/11/04 18:02:48.640] - eth_getTransactionCount
[2024/11/04 18:02:48.689] - eth_getBalance
[2024/11/04 18:02:48.691] - eth_getTransactionCount
[2024/11/04 18:02:48.693] - eth_getBalance
[2024/11/04 18:02:48.695] - eth_getTransactionCount
[2024/11/04 18:02:48.697] - eth_getBalance
[2024/11/04 18:02:48.698] - eth_getTransactionCount
[2024/11/04 18:02:48.703] - eth_getBalance
[2024/11/04 18:02:48.706] - eth_getTransactionCount
[2024/11/04 18:02:48.839] - eth_getBalance
[2024/11/04 18:02:48.987] - eth_getTransactionCount
[2024/11/04 18:02:49.055] - eth_getBalance
[2024/11/04 18:02:49.056] - eth_getTransactionCount
[2024/11/04 18:02:49.058] - eth_getBalance
[2024/11/04 18:02:49.060] - eth_getTransactionCount
[2024/11/04 18:02:49.062] - eth_getBalance
[2024/11/04 18:02:49.064] - eth_getTransactionCount
[2024/11/04 18:02:49.066] - eth_getBalance
[2024/11/04 18:02:49.068] - eth_getTransactionCount
[2024/11/04 18:02:49.069] - eth_getBalance
[2024/11/04 18:02:49.071] - eth_getTransactionCount
[2024/11/04 18:02:49.072] - eth_getBalance
[2024/11/04 18:02:49.073] - eth_getTransactionCount
[2024/11/04 18:02:49.075] - eth_getBalance
[2024/11/04 18:02:49.076] - eth_getTransactionCount
[2024/11/04 18:02:49.078] - eth_getBalance
[2024/11/04 18:02:49.079] - eth_getTransactionCount
[2024/11/04 18:02:49.081] - eth_getBalance
[2024/11/04 18:02:49.082] - eth_getTransactionCount
[2024/11/04 18:02:49.083] - eth_getBalance
[2024/11/04 18:02:49.085] - eth_getTransactionCount
[2024/11/04 18:02:49.086] - eth_getBalance
[2024/11/04 18:02:49.087] - eth_getTransactionCount
[2024/11/04 18:02:49.088] - eth_getBalance
[2024/11/04 18:02:49.090] - eth_getTransactionCount
[2024/11/04 18:02:49.092] - eth_getBalance
[2024/11/04 18:02:49.093] - eth_getTransactionCount
[2024/11/04 18:02:49.095] - eth_getBalance
[2024/11/04 18:02:49.096] - eth_getTransactionCount
[2024/11/04 18:02:49.097] - eth_getBalance
[2024/11/04 18:02:49.099] - eth_getTransactionCount
[2024/11/04 18:02:49.100] - eth_getBalance
[2024/11/04 18:02:49.103] - eth_getTransactionCount
[2024/11/04 18:02:49.104] - eth_getBalance
[2024/11/04 18:02:49.106] - eth_getTransactionCount
[2024/11/04 18:02:49.107] - eth_getBalance
[2024/11/04 18:02:49.109] - eth_getTransactionCount
[2024/11/04 18:06:20.481] - eth_unsubscribe
[2024/11/04 18:06:20.640] - eth_unsubscribe
