[2024/11/04 18:30:18.024] - Starting server with initial configuration: {"gasLimit":6721975,"gasPrice":20000000000,"hardfork":"merge","hostname":"127.0.0.1","port":7545,"network_id":5777,"default_balance_ether":100000,"total_accounts":6,"unlocked_accounts":[],"locked":false,"vmErrorsOnRPCResponse":true,"verbose":false,"flavor":"ethereum","db_path":"C:\\Users\\richo\\AppData\\Roaming\\Ganache\\ui\\workspaces\\Fractio_DAO\\chaindata","mnemonic":"hen stomach toe you young elevator smart impulse music high fold issue","logDirectory":"F:\\Apps\\DAO_Fractio\\truffle_logs"}
[2024/11/04 18:30:18.360] - eth_subscribe
[2024/11/04 18:30:18.364] - eth_getLogs
[2024/11/04 18:30:18.365] - eth_subscribe
[2024/11/04 18:30:18.623] - eth_subscribe
[2024/11/04 18:30:18.625] - eth_getLogs
[2024/11/04 18:30:18.627] - eth_subscribe
[2024/11/04 18:30:18.910] - eth_blockNumber
[2024/11/04 18:30:18.912] - eth_accounts
[2024/11/04 18:30:18.913] - eth_gasPrice
[2024/11/04 18:30:18.914] - eth_getBlockByNumber
[2024/11/04 18:30:18.916] - eth_subscribe
[2024/11/04 18:30:18.918] - eth_blockNumber
[2024/11/04 18:30:18.919] - eth_accounts
[2024/11/04 18:30:18.920] - eth_gasPrice
[2024/11/04 18:30:18.922] - eth_getBlockByNumber
[2024/11/04 18:30:18.923] - eth_subscribe
[2024/11/04 18:30:18.995] - eth_accounts
[2024/11/04 18:30:19.236] - eth_getBalance
[2024/11/04 18:30:19.257] - eth_getTransactionCount
[2024/11/04 18:30:19.279] - eth_getBalance
[2024/11/04 18:30:19.298] - eth_getTransactionCount
[2024/11/04 18:30:19.323] - eth_getBalance
[2024/11/04 18:30:19.346] - eth_getTransactionCount
[2024/11/04 18:30:19.366] - eth_getBalance
[2024/11/04 18:30:19.392] - eth_getTransactionCount
[2024/11/04 18:30:19.414] - eth_getBalance
[2024/11/04 18:30:19.437] - eth_getTransactionCount
[2024/11/04 18:30:19.459] - eth_getBalance
[2024/11/04 18:30:19.481] - eth_getTransactionCount
[2024/11/04 18:30:19.539] - eth_getBalance
[2024/11/04 18:30:19.559] - eth_getTransactionCount
[2024/11/04 18:30:19.582] - eth_getBalance
[2024/11/04 18:30:19.604] - eth_getTransactionCount
[2024/11/04 18:30:19.624] - eth_getBalance
[2024/11/04 18:30:19.649] - eth_getTransactionCount
[2024/11/04 18:30:19.671] - eth_getBalance
[2024/11/04 18:30:19.689] - eth_getTransactionCount
[2024/11/04 18:30:19.709] - eth_getBalance
[2024/11/04 18:30:19.729] - eth_getTransactionCount
[2024/11/04 18:30:19.750] - eth_getBalance
[2024/11/04 18:30:19.771] - eth_getTransactionCount
[2024/11/04 18:30:19.791] - eth_getBalance
[2024/11/04 18:30:19.813] - eth_getTransactionCount
[2024/11/04 18:30:19.834] - eth_getBalance
[2024/11/04 18:30:19.857] - eth_getTransactionCount
[2024/11/04 18:30:19.879] - eth_getBalance
[2024/11/04 18:30:19.896] - eth_getTransactionCount
[2024/11/04 18:30:19.916] - eth_getBalance
[2024/11/04 18:30:19.936] - eth_getTransactionCount
[2024/11/04 18:30:19.956] - eth_getBalance
[2024/11/04 18:30:19.975] - eth_getTransactionCount
[2024/11/04 18:30:19.996] - eth_getBalance
[2024/11/04 18:30:20.018] - eth_getTransactionCount
[2024/11/04 18:30:20.229] - eth_getBalance
[2024/11/04 18:30:20.251] - eth_getTransactionCount
[2024/11/04 18:30:20.271] - eth_getBalance
[2024/11/04 18:30:20.288] - eth_getTransactionCount
[2024/11/04 18:30:20.308] - eth_getBalance
[2024/11/04 18:30:20.328] - eth_getTransactionCount
[2024/11/04 18:30:20.348] - eth_getBalance
[2024/11/04 18:30:20.368] - eth_getTransactionCount
[2024/11/04 18:30:20.388] - eth_getBalance
[2024/11/04 18:30:20.409] - eth_getTransactionCount
[2024/11/04 18:30:20.429] - eth_getBalance
[2024/11/04 18:30:20.451] - eth_getTransactionCount
[2024/11/04 18:30:33.021] - eth_unsubscribe
[2024/11/04 18:30:33.023] - eth_unsubscribe
