[2024/11/05 11:34:05.321] - Starting server with initial configuration: {"gasLimit":6721975,"gasPrice":20000000000,"hardfork":"merge","hostname":"127.0.0.1","port":7545,"network_id":5777,"default_balance_ether":10000000,"total_accounts":15,"unlocked_accounts":[],"locked":false,"vmErrorsOnRPCResponse":true,"verbose":false,"flavor":"ethereum","db_path":"C:\\Users\\richo\\AppData\\Roaming\\Ganache\\ui\\workspaces\\DAO-Fractio\\chaindata","mnemonic":"high order stay car crop soccer that diagram input green depend zero","logDirectory":"F:\\Apps\\DAO_Fractio\\truffle_logs"}
[2024/11/05 11:34:05.532] - eth_blockNumber
[2024/11/05 11:34:05.712] - eth_getCode
[2024/11/05 11:34:05.714] - eth_subscribe
[2024/11/05 11:34:05.716] - eth_getLogs
[2024/11/05 11:34:05.719] - eth_subscribe
[2024/11/05 11:34:05.728] - eth_getCode
[2024/11/05 11:34:05.732] - eth_getCode
[2024/11/05 11:34:06.103] - eth_subscribe
[2024/11/05 11:34:06.104] - eth_getLogs
[2024/11/05 11:34:06.106] - eth_subscribe
[2024/11/05 11:34:06.430] - eth_blockNumber
[2024/11/05 11:34:06.431] - eth_accounts
[2024/11/05 11:34:06.433] - eth_gasPrice
[2024/11/05 11:34:06.435] - eth_getBlockByNumber
[2024/11/05 11:34:06.436] - eth_subscribe
[2024/11/05 11:34:06.544] - eth_accounts
[2024/11/05 11:34:06.726] - eth_getBalance
[2024/11/05 11:34:06.755] - eth_getTransactionCount
[2024/11/05 11:34:06.786] - eth_getBalance
[2024/11/05 11:34:06.824] - eth_getTransactionCount
[2024/11/05 11:34:06.858] - eth_getBalance
[2024/11/05 11:34:06.899] - eth_getTransactionCount
[2024/11/05 11:34:06.933] - eth_getBalance
[2024/11/05 11:34:06.963] - eth_getTransactionCount
[2024/11/05 11:34:06.997] - eth_getBalance
[2024/11/05 11:34:07.029] - eth_getTransactionCount
[2024/11/05 11:34:07.067] - eth_getBalance
[2024/11/05 11:34:07.103] - eth_getTransactionCount
[2024/11/05 11:34:07.138] - eth_getBalance
[2024/11/05 11:34:07.172] - eth_getTransactionCount
[2024/11/05 11:34:07.202] - eth_getBalance
[2024/11/05 11:34:07.233] - eth_getTransactionCount
[2024/11/05 11:34:07.266] - eth_getBalance
[2024/11/05 11:34:07.304] - eth_getTransactionCount
[2024/11/05 11:34:07.339] - eth_getBalance
[2024/11/05 11:34:07.383] - eth_getTransactionCount
[2024/11/05 11:34:07.414] - eth_getBalance
[2024/11/05 11:34:07.454] - eth_getTransactionCount
[2024/11/05 11:34:07.484] - eth_getBalance
[2024/11/05 11:34:07.513] - eth_getTransactionCount
[2024/11/05 11:34:07.543] - eth_getBalance
[2024/11/05 11:34:07.579] - eth_getTransactionCount
[2024/11/05 11:34:07.610] - eth_getBalance
[2024/11/05 11:34:07.644] - eth_getTransactionCount
[2024/11/05 11:34:07.682] - eth_getBalance
[2024/11/05 11:34:07.713] - eth_getTransactionCount
[2024/11/05 11:34:07.751] - eth_blockNumber
[2024/11/05 11:34:07.753] - eth_accounts
[2024/11/05 11:34:07.755] - eth_gasPrice
[2024/11/05 11:34:07.757] - eth_getBlockByNumber
[2024/11/05 11:34:07.758] - eth_subscribe
[2024/11/05 11:34:08.231] - eth_getBalance
[2024/11/05 11:34:08.264] - eth_getTransactionCount
[2024/11/05 11:34:08.293] - eth_getBalance
[2024/11/05 11:34:08.331] - eth_getTransactionCount
[2024/11/05 11:34:08.367] - eth_getBalance
[2024/11/05 11:34:08.398] - eth_getTransactionCount
[2024/11/05 11:34:08.426] - eth_getBalance
[2024/11/05 11:34:08.455] - eth_getTransactionCount
[2024/11/05 11:34:08.485] - eth_getBalance
[2024/11/05 11:34:08.531] - eth_getTransactionCount
[2024/11/05 11:34:08.581] - eth_getBalance
[2024/11/05 11:34:08.615] - eth_getTransactionCount
[2024/11/05 11:34:08.669] - eth_getBalance
[2024/11/05 11:34:08.701] - eth_getTransactionCount
[2024/11/05 11:34:08.733] - eth_getBalance
[2024/11/05 11:34:08.775] - eth_getTransactionCount
[2024/11/05 11:34:08.807] - eth_getBalance
[2024/11/05 11:34:08.856] - eth_getTransactionCount
[2024/11/05 11:34:08.889] - eth_getBalance
[2024/11/05 11:34:08.927] - eth_getTransactionCount
[2024/11/05 11:34:08.964] - eth_getBalance
[2024/11/05 11:34:08.999] - eth_getTransactionCount
[2024/11/05 11:34:09.033] - eth_getBalance
[2024/11/05 11:34:09.061] - eth_getTransactionCount
[2024/11/05 11:34:09.090] - eth_getBalance
[2024/11/05 11:34:09.117] - eth_getTransactionCount
[2024/11/05 11:34:09.148] - eth_getBalance
[2024/11/05 11:34:09.179] - eth_getTransactionCount
[2024/11/05 11:34:09.213] - eth_getBalance
[2024/11/05 11:34:09.243] - eth_getTransactionCount
[2024/11/05 11:34:09.304] - eth_getBalance
[2024/11/05 11:34:09.331] - eth_getTransactionCount
[2024/11/05 11:34:09.363] - eth_getBalance
[2024/11/05 11:34:09.390] - eth_getTransactionCount
[2024/11/05 11:34:09.417] - eth_getBalance
[2024/11/05 11:34:09.444] - eth_getTransactionCount
[2024/11/05 11:34:09.471] - eth_getBalance
[2024/11/05 11:34:09.498] - eth_getTransactionCount
[2024/11/05 11:34:09.529] - eth_getBalance
[2024/11/05 11:34:09.563] - eth_getTransactionCount
[2024/11/05 11:34:09.590] - eth_getBalance
[2024/11/05 11:34:09.617] - eth_getTransactionCount
[2024/11/05 11:34:09.650] - eth_getBalance
[2024/11/05 11:34:09.681] - eth_getTransactionCount
[2024/11/05 11:34:09.709] - eth_getBalance
[2024/11/05 11:34:09.740] - eth_getTransactionCount
[2024/11/05 11:34:09.769] - eth_getBalance
[2024/11/05 11:34:09.796] - eth_getTransactionCount
[2024/11/05 11:34:09.826] - eth_getBalance
[2024/11/05 11:34:09.854] - eth_getTransactionCount
[2024/11/05 11:34:09.882] - eth_getBalance
[2024/11/05 11:34:09.911] - eth_getTransactionCount
[2024/11/05 11:34:09.942] - eth_getBalance
[2024/11/05 11:34:09.975] - eth_getTransactionCount
[2024/11/05 11:34:10.012] - eth_getBalance
[2024/11/05 11:34:10.039] - eth_getTransactionCount
[2024/11/05 11:34:10.069] - eth_getBalance
[2024/11/05 11:34:10.104] - eth_getTransactionCount
[2024/11/05 11:34:10.133] - eth_getBalance
[2024/11/05 11:34:10.168] - eth_getTransactionCount
[2024/11/05 11:34:10.207] - eth_getBalance
[2024/11/05 11:34:10.238] - eth_getTransactionCount
[2024/11/05 11:34:10.269] - eth_getBalance
[2024/11/05 11:34:10.299] - eth_getTransactionCount
[2024/11/05 11:34:10.330] - eth_getBalance
[2024/11/05 11:34:10.358] - eth_getTransactionCount
[2024/11/05 11:34:10.386] - eth_getBalance
[2024/11/05 11:34:10.414] - eth_getTransactionCount
[2024/11/05 11:34:10.442] - eth_getBalance
[2024/11/05 11:34:10.471] - eth_getTransactionCount
[2024/11/05 11:34:10.517] - eth_getBalance
[2024/11/05 11:34:10.553] - eth_getTransactionCount
[2024/11/05 11:34:10.586] - eth_getBalance
[2024/11/05 11:34:10.617] - eth_getTransactionCount
[2024/11/05 11:34:10.658] - eth_getBalance
[2024/11/05 11:34:10.693] - eth_getTransactionCount
[2024/11/05 11:34:10.720] - eth_getBalance
[2024/11/05 11:34:10.749] - eth_getTransactionCount
[2024/11/05 11:34:10.777] - eth_getBalance
[2024/11/05 11:34:10.804] - eth_getTransactionCount
[2024/11/05 11:34:10.835] - eth_getBalance
[2024/11/05 11:34:10.863] - eth_getTransactionCount
[2024/11/05 11:34:10.904] - eth_getBalance
[2024/11/05 11:34:10.936] - eth_getTransactionCount
[2024/11/05 11:34:10.987] - eth_getBalance
[2024/11/05 11:34:11.022] - eth_getTransactionCount
[2024/11/05 11:34:11.057] - eth_getBalance
[2024/11/05 11:34:11.090] - eth_getTransactionCount
[2024/11/05 11:34:11.118] - eth_getBalance
[2024/11/05 11:34:11.148] - eth_getTransactionCount
[2024/11/05 11:34:14.940] - eth_getBlockByNumber
[2024/11/05 11:34:19.254] - eth_getTransactionReceipt
[2024/11/05 11:34:19.369] - eth_getBlockByNumber
[2024/11/05 11:34:19.487] - eth_getTransactionReceipt
[2024/11/05 11:34:19.621] - eth_getBlockByNumber
[2024/11/05 11:34:19.714] - eth_getTransactionReceipt
[2024/11/05 11:34:19.834] - eth_getBlockByNumber
[2024/11/05 11:34:19.921] - eth_getTransactionReceipt
[2024/11/05 11:34:20.059] - eth_getBlockByNumber
[2024/11/05 11:34:20.144] - eth_getTransactionReceipt
[2024/11/05 11:34:20.267] - eth_getBlockByNumber
[2024/11/05 11:34:25.563] - eth_blockNumber
[2024/11/05 11:34:43.199] - eth_blockNumber
[2024/11/05 11:34:43.220] - net_version
[2024/11/05 11:34:43.228] - eth_accounts
[2024/11/05 11:34:43.247] - eth_getBlockByNumber
[2024/11/05 11:34:43.255] - eth_accounts
[2024/11/05 11:34:43.319] - eth_getBlockByNumber
[2024/11/05 11:34:43.327] - eth_getBlockByNumber
[2024/11/05 11:34:43.336] - eth_getBlockByNumber
[2024/11/05 11:34:43.353] - eth_estimateGas
[2024/11/05 11:34:43.459] - eth_getBlockByNumber
[2024/11/05 11:34:43.463] - eth_blockNumber
[2024/11/05 11:34:43.468] - eth_estimateGas
[2024/11/05 11:34:43.496] - eth_getBlockByNumber
[2024/11/05 11:34:43.499] - eth_gasPrice
[2024/11/05 11:34:43.504] - eth_sendTransaction
[2024/11/05 11:34:43.532] - 
  Transaction: 0x7202a7a92a31837cfefc5038b112131df7925f8a814d2eab55711a029d7f723e
  Contract created: 0xc4deb91d03c8e45c96904659b6fcec33eb3a5be5
  Gas usage: 206264
  Block number: 6
  Block time: Tue Nov 05 2024 11:34:43 GMT+0100 (Central European Standard Time)

[2024/11/05 11:34:43.541] - eth_getTransactionReceipt
[2024/11/05 11:34:43.544] - eth_getBlockByNumber
[2024/11/05 11:34:43.549] - eth_getCode
[2024/11/05 11:34:43.556] - eth_getTransactionByHash
[2024/11/05 11:34:43.562] - eth_getBlockByNumber
[2024/11/05 11:34:43.567] - eth_getBalance
[2024/11/05 11:34:43.577] - eth_getBlockByNumber
[2024/11/05 11:34:43.584] - eth_getBlockByNumber
[2024/11/05 11:34:43.593] - eth_estimateGas
[2024/11/05 11:34:43.624] - eth_getBlockByNumber
[2024/11/05 11:34:43.626] - eth_gasPrice
[2024/11/05 11:34:43.631] - eth_sendTransaction
[2024/11/05 11:34:43.651] - 
  Transaction: 0x9fe20e674da54a495a97c3391f958a7e11f987f1a50eeb016e9a4b1a6d36207d
  Gas usage: 45712
  Block number: 7
  Block time: Tue Nov 05 2024 11:34:43 GMT+0100 (Central European Standard Time)

[2024/11/05 11:34:43.657] - eth_getBlockByNumber
[2024/11/05 11:34:43.659] - eth_getTransactionReceipt
[2024/11/05 11:34:43.677] - eth_getBlockByNumber
[2024/11/05 11:34:43.686] - eth_accounts
[2024/11/05 11:34:43.811] - eth_getBlockByNumber
[2024/11/05 11:34:43.818] - eth_getBlockByNumber
[2024/11/05 11:34:43.825] - eth_getBlockByNumber
[2024/11/05 11:34:43.834] - eth_estimateGas
[2024/11/05 11:34:43.935] - eth_getBlockByNumber
[2024/11/05 11:34:43.937] - eth_blockNumber
[2024/11/05 11:34:43.942] - eth_estimateGas
[2024/11/05 11:34:44.031] - eth_getBlockByNumber
[2024/11/05 11:34:44.034] - eth_gasPrice
[2024/11/05 11:34:44.039] - eth_sendTransaction
[2024/11/05 11:34:44.082] - 
  Transaction: 0x42cfd68f3a77412847ef2d903fbc5d1c1d92f37c5837091d19ae27dc8f8985c3
  Contract created: 0x0a4eb29fd0f8e2cbb43d9acd441c27a7a22d56dc
  Gas usage: 1116049
  Block number: 8
  Block time: Tue Nov 05 2024 11:34:44 GMT+0100 (Central European Standard Time)

[2024/11/05 11:34:44.089] - eth_getTransactionReceipt
[2024/11/05 11:34:44.092] - eth_getBlockByNumber
[2024/11/05 11:34:44.095] - eth_getCode
[2024/11/05 11:34:44.112] - eth_getTransactionByHash
[2024/11/05 11:34:44.118] - eth_getBlockByNumber
[2024/11/05 11:34:44.126] - eth_getBalance
[2024/11/05 11:34:44.135] - eth_getBlockByNumber
[2024/11/05 11:34:44.142] - eth_getBlockByNumber
[2024/11/05 11:34:44.147] - eth_getBlockByNumber
[2024/11/05 11:34:44.152] - eth_getBlockByNumber
[2024/11/05 11:34:44.160] - eth_estimateGas
[2024/11/05 11:34:44.219] - eth_getBlockByNumber
[2024/11/05 11:34:44.222] - eth_blockNumber
[2024/11/05 11:34:44.228] - eth_estimateGas
[2024/11/05 11:34:44.286] - eth_getBlockByNumber
[2024/11/05 11:34:44.289] - eth_gasPrice
[2024/11/05 11:34:44.295] - eth_sendTransaction
[2024/11/05 11:34:44.322] - eth_getBalance
[2024/11/05 11:34:44.328] - 
  Transaction: 0x439fa3fcf65bbd05d1f015e91425dc7dc0e1b0b55cc65987086edae10d351f49
  Contract created: 0xa1d55616d5b949ab14bee6514754371afe85a6cc
  Gas usage: 1737924
  Block number: 9
  Block time: Tue Nov 05 2024 11:34:44 GMT+0100 (Central European Standard Time)

[2024/11/05 11:34:44.333] - eth_getBlockByNumber
[2024/11/05 11:34:44.336] - eth_getTransactionReceipt
[2024/11/05 11:34:44.342] - eth_getCode
[2024/11/05 11:34:44.351] - eth_getTransactionCount
[2024/11/05 11:34:44.354] - eth_getTransactionByHash
[2024/11/05 11:34:44.361] - eth_getBlockByNumber
[2024/11/05 11:34:44.366] - eth_getBalance
[2024/11/05 11:34:44.381] - eth_getBalance
[2024/11/05 11:34:44.431] - eth_getBlockByNumber
[2024/11/05 11:34:44.437] - eth_getBlockByNumber
[2024/11/05 11:34:44.439] - eth_getTransactionCount
[2024/11/05 11:34:44.443] - eth_estimateGas
[2024/11/05 11:34:44.466] - eth_getBlockByNumber
[2024/11/05 11:34:44.469] - eth_gasPrice
[2024/11/05 11:34:44.472] - eth_getBalance
[2024/11/05 11:34:44.475] - eth_sendTransaction
[2024/11/05 11:34:44.487] - 
  Transaction: 0x5a883af947017b6ad176f7c59a9ecbaa598be26312e7d02a31b863b3980783b3
  Gas usage: 28612
  Block number: 10
  Block time: Tue Nov 05 2024 11:34:44 GMT+0100 (Central European Standard Time)

[2024/11/05 11:34:44.492] - eth_getBlockByNumber
[2024/11/05 11:34:44.495] - eth_getTransactionReceipt
[2024/11/05 11:34:44.507] - eth_getTransactionCount
[2024/11/05 11:34:44.587] - eth_getBalance
[2024/11/05 11:34:44.622] - eth_getTransactionCount
[2024/11/05 11:34:44.655] - eth_getBalance
[2024/11/05 11:34:44.685] - eth_getTransactionCount
[2024/11/05 11:34:44.715] - eth_getBalance
[2024/11/05 11:34:44.750] - eth_getTransactionCount
[2024/11/05 11:34:44.782] - eth_getBalance
[2024/11/05 11:34:44.813] - eth_getTransactionCount
[2024/11/05 11:34:44.840] - eth_getBalance
[2024/11/05 11:34:44.866] - eth_getTransactionCount
[2024/11/05 11:34:44.901] - eth_getBalance
[2024/11/05 11:34:44.932] - eth_getTransactionCount
[2024/11/05 11:34:44.952] - eth_getBalance
[2024/11/05 11:34:44.987] - eth_getTransactionCount
[2024/11/05 11:34:45.015] - eth_getBalance
[2024/11/05 11:34:45.047] - eth_getTransactionCount
[2024/11/05 11:34:45.075] - eth_getBalance
[2024/11/05 11:34:45.101] - eth_getTransactionCount
[2024/11/05 11:34:45.133] - eth_getBalance
[2024/11/05 11:34:45.162] - eth_getTransactionCount
[2024/11/05 11:34:45.187] - eth_getBalance
[2024/11/05 11:34:45.212] - eth_getTransactionCount
[2024/11/05 11:34:45.231] - eth_getBalance
[2024/11/05 11:34:45.253] - eth_getTransactionCount
[2024/11/05 11:34:45.281] - eth_getBalance
[2024/11/05 11:34:45.303] - eth_getTransactionCount
[2024/11/05 11:34:45.331] - eth_getBalance
[2024/11/05 11:34:45.359] - eth_getTransactionCount
[2024/11/05 11:34:45.386] - eth_getBalance
[2024/11/05 11:34:45.414] - eth_getTransactionCount
[2024/11/05 11:34:45.443] - eth_getBalance
[2024/11/05 11:34:45.469] - eth_getTransactionCount
[2024/11/05 11:34:45.503] - eth_getBalance
[2024/11/05 11:34:45.532] - eth_getTransactionCount
[2024/11/05 11:34:45.557] - eth_getBalance
[2024/11/05 11:34:45.582] - eth_getTransactionCount
[2024/11/05 11:34:45.587] - eth_blockNumber
[2024/11/05 11:34:45.607] - eth_getBalance
[2024/11/05 11:34:45.634] - eth_getTransactionCount
[2024/11/05 11:34:45.661] - eth_getBalance
[2024/11/05 11:34:45.695] - eth_getTransactionCount
[2024/11/05 11:34:45.720] - eth_getBalance
[2024/11/05 11:34:45.748] - eth_getTransactionCount
[2024/11/05 11:34:45.772] - eth_getBalance
[2024/11/05 11:34:45.801] - eth_getTransactionCount
[2024/11/05 11:34:45.827] - eth_getBalance
[2024/11/05 11:34:45.853] - eth_getTransactionCount
[2024/11/05 11:34:45.879] - eth_getBalance
[2024/11/05 11:34:45.905] - eth_getTransactionCount
[2024/11/05 11:34:45.932] - eth_getBalance
[2024/11/05 11:34:45.965] - eth_getTransactionCount
[2024/11/05 11:34:45.997] - eth_getBalance
[2024/11/05 11:34:46.024] - eth_getTransactionCount
[2024/11/05 11:34:46.050] - eth_getBalance
[2024/11/05 11:34:46.075] - eth_getTransactionCount
[2024/11/05 11:34:46.315] - eth_getBalance
[2024/11/05 11:34:46.343] - eth_getTransactionCount
[2024/11/05 11:34:46.372] - eth_getBalance
[2024/11/05 11:34:46.405] - eth_getTransactionCount
[2024/11/05 11:34:46.427] - eth_getBalance
[2024/11/05 11:34:46.458] - eth_getTransactionCount
[2024/11/05 11:34:46.491] - eth_getBalance
[2024/11/05 11:34:46.517] - eth_getTransactionCount
[2024/11/05 11:34:46.543] - eth_getBalance
[2024/11/05 11:34:46.570] - eth_getTransactionCount
[2024/11/05 11:34:46.595] - eth_getBalance
[2024/11/05 11:34:46.623] - eth_getTransactionCount
[2024/11/05 11:34:46.647] - eth_getBalance
[2024/11/05 11:34:46.672] - eth_getTransactionCount
[2024/11/05 11:34:46.701] - eth_getBalance
[2024/11/05 11:34:46.721] - eth_getTransactionCount
[2024/11/05 11:34:46.743] - eth_getBalance
[2024/11/05 11:34:46.773] - eth_getTransactionCount
[2024/11/05 11:34:46.796] - eth_getBalance
[2024/11/05 11:34:46.820] - eth_getTransactionCount
[2024/11/05 11:34:46.851] - eth_getBalance
[2024/11/05 11:34:46.882] - eth_getTransactionCount
[2024/11/05 11:34:46.913] - eth_getBalance
[2024/11/05 11:34:46.943] - eth_getTransactionCount
[2024/11/05 11:34:46.974] - eth_getBalance
[2024/11/05 11:34:46.994] - eth_getTransactionCount
[2024/11/05 11:34:47.027] - eth_getBalance
[2024/11/05 11:34:47.060] - eth_getTransactionCount
[2024/11/05 11:34:47.087] - eth_getBalance
[2024/11/05 11:34:47.117] - eth_getTransactionCount
[2024/11/05 11:34:48.040] - eth_getBalance
[2024/11/05 11:34:48.067] - eth_getTransactionCount
[2024/11/05 11:34:48.094] - eth_getBalance
[2024/11/05 11:34:48.125] - eth_getTransactionCount
[2024/11/05 11:34:48.154] - eth_getBalance
[2024/11/05 11:34:48.191] - eth_getTransactionCount
[2024/11/05 11:34:48.223] - eth_getBalance
[2024/11/05 11:34:48.252] - eth_getTransactionCount
[2024/11/05 11:34:48.282] - eth_getBalance
[2024/11/05 11:34:48.310] - eth_getTransactionCount
[2024/11/05 11:34:48.339] - eth_getBalance
[2024/11/05 11:34:48.374] - eth_getTransactionCount
[2024/11/05 11:34:48.410] - eth_getBalance
[2024/11/05 11:34:48.442] - eth_getTransactionCount
[2024/11/05 11:34:48.471] - eth_getBalance
[2024/11/05 11:34:48.499] - eth_getTransactionCount
[2024/11/05 11:34:48.527] - eth_getBalance
[2024/11/05 11:34:48.560] - eth_getTransactionCount
[2024/11/05 11:34:48.590] - eth_getBalance
[2024/11/05 11:34:48.618] - eth_getTransactionCount
[2024/11/05 11:34:48.653] - eth_getBalance
[2024/11/05 11:34:48.687] - eth_getTransactionCount
[2024/11/05 11:34:48.718] - eth_getBalance
[2024/11/05 11:34:48.752] - eth_getTransactionCount
[2024/11/05 11:34:48.780] - eth_getBalance
[2024/11/05 11:34:48.817] - eth_getTransactionCount
[2024/11/05 11:34:48.852] - eth_getBalance
[2024/11/05 11:34:48.881] - eth_getTransactionCount
[2024/11/05 11:34:48.908] - eth_getBalance
[2024/11/05 11:34:48.942] - eth_getTransactionCount
[2024/11/05 11:34:48.977] - eth_getBalance
[2024/11/05 11:34:49.019] - eth_getTransactionCount
[2024/11/05 11:34:49.054] - eth_getBalance
[2024/11/05 11:34:49.098] - eth_getTransactionCount
[2024/11/05 11:34:49.146] - eth_getBalance
[2024/11/05 11:34:49.194] - eth_getTransactionCount
[2024/11/05 11:34:49.229] - eth_getBalance
[2024/11/05 11:34:49.267] - eth_getTransactionCount
[2024/11/05 11:34:49.300] - eth_getBalance
[2024/11/05 11:34:49.335] - eth_getTransactionCount
[2024/11/05 11:34:49.366] - eth_getBalance
[2024/11/05 11:34:49.413] - eth_getTransactionCount
[2024/11/05 11:34:49.446] - eth_getBalance
[2024/11/05 11:34:49.481] - eth_getTransactionCount
[2024/11/05 11:34:49.526] - eth_getBalance
[2024/11/05 11:34:49.580] - eth_getTransactionCount
[2024/11/05 11:34:49.636] - eth_getBalance
[2024/11/05 11:34:49.681] - eth_getTransactionCount
[2024/11/05 11:34:49.718] - eth_getBalance
[2024/11/05 11:34:49.752] - eth_getTransactionCount
[2024/11/05 11:34:49.785] - eth_getBalance
[2024/11/05 11:34:49.818] - eth_getTransactionCount
[2024/11/05 11:34:49.853] - eth_getBalance
[2024/11/05 11:34:49.887] - eth_getTransactionCount
[2024/11/05 11:34:49.945] - eth_getBalance
[2024/11/05 11:34:49.976] - eth_getTransactionCount
[2024/11/05 11:34:50.016] - eth_getBalance
[2024/11/05 11:34:50.047] - eth_getTransactionCount
[2024/11/05 11:34:50.081] - eth_getBalance
[2024/11/05 11:34:50.115] - eth_getTransactionCount
[2024/11/05 11:34:55.371] - eth_getBalance
[2024/11/05 11:34:59.682] - eth_getTransactionReceipt
[2024/11/05 11:34:59.880] - eth_getBlockByNumber
[2024/11/05 11:35:00.179] - net_version
[2024/11/05 11:35:00.185] - eth_getCode
[2024/11/05 11:35:00.398] - net_version
[2024/11/05 11:35:00.402] - eth_getCode
[2024/11/05 11:35:00.582] - net_version
[2024/11/05 11:35:00.587] - eth_getCode
[2024/11/05 11:35:00.591] - eth_getBlockByNumber
[2024/11/05 11:35:00.597] - eth_getBalance
[2024/11/05 11:35:00.603] - eth_getTransactionCount
[2024/11/05 11:35:00.613] - eth_getStorageAt
[2024/11/05 11:35:00.620] - eth_getCode
[2024/11/05 11:35:00.635] - eth_getStorageAt
[2024/11/05 11:35:00.639] - eth_getStorageAt
[2024/11/05 11:35:00.643] - eth_getStorageAt
[2024/11/05 11:35:00.648] - eth_getStorageAt
[2024/11/05 11:35:02.038] - eth_getBlockByNumber
[2024/11/05 11:35:02.144] - eth_getBlockByNumber
[2024/11/05 11:35:02.236] - eth_getBlockByNumber
[2024/11/05 11:35:02.345] - eth_getBlockByNumber
[2024/11/05 11:35:02.444] - eth_getBlockByNumber
[2024/11/05 11:35:02.537] - eth_getBlockByNumber
[2024/11/05 11:35:02.647] - eth_getBlockByNumber
[2024/11/05 11:35:02.764] - eth_getBlockByNumber
[2024/11/05 11:35:02.868] - eth_getBlockByNumber
[2024/11/05 11:35:02.969] - eth_getBlockByNumber
[2024/11/05 11:35:03.080] - eth_getLogs
[2024/11/05 11:35:03.300] - net_version
[2024/11/05 11:35:03.303] - eth_getCode
[2024/11/05 11:35:03.458] - net_version
[2024/11/05 11:35:03.462] - eth_getCode
[2024/11/05 11:35:03.608] - net_version
[2024/11/05 11:35:03.613] - eth_getCode
[2024/11/05 11:35:03.771] - net_version
[2024/11/05 11:35:03.774] - eth_getCode
[2024/11/05 11:35:03.918] - net_version
[2024/11/05 11:35:03.922] - eth_getCode
[2024/11/05 11:35:05.830] - eth_blockNumber
[2024/11/05 11:35:20.948] - net_version
[2024/11/05 11:35:20.950] - eth_getCode
[2024/11/05 11:35:21.151] - net_version
[2024/11/05 11:35:21.154] - eth_getCode
[2024/11/05 11:35:21.248] - eth_getTransactionByHash
[2024/11/05 11:35:21.472] - net_version
[2024/11/05 11:35:21.477] - eth_getCode
[2024/11/05 11:35:21.481] - eth_getBlockByNumber
[2024/11/05 11:35:21.485] - eth_getBalance
[2024/11/05 11:35:21.580] - eth_getTransactionCount
[2024/11/05 11:35:21.586] - eth_getStorageAt
[2024/11/05 11:35:21.588] - net_version
[2024/11/05 11:35:21.591] - eth_getCode
[2024/11/05 11:35:21.594] - eth_getCode
[2024/11/05 11:35:21.600] - eth_getStorageAt
[2024/11/05 11:35:21.605] - eth_getStorageAt
[2024/11/05 11:35:21.610] - eth_getStorageAt
[2024/11/05 11:35:21.614] - eth_getStorageAt
[2024/11/05 11:35:25.852] - eth_blockNumber
[2024/11/05 11:35:45.869] - eth_blockNumber
[2024/11/05 11:36:04.366] - net_version
[2024/11/05 11:36:04.372] - eth_getCode
[2024/11/05 11:36:04.597] - net_version
[2024/11/05 11:36:04.601] - eth_getCode
[2024/11/05 11:36:04.759] - net_version
[2024/11/05 11:36:04.764] - eth_getCode
[2024/11/05 11:36:04.768] - eth_getBlockByNumber
[2024/11/05 11:36:04.774] - eth_getBalance
[2024/11/05 11:36:04.779] - eth_getTransactionCount
[2024/11/05 11:36:04.789] - eth_getStorageAt
[2024/11/05 11:36:04.793] - eth_getCode
[2024/11/05 11:36:04.799] - eth_getStorageAt
[2024/11/05 11:36:04.804] - eth_getStorageAt
[2024/11/05 11:36:04.807] - eth_getStorageAt
[2024/11/05 11:36:04.811] - eth_getStorageAt
[2024/11/05 11:36:05.882] - eth_blockNumber
[2024/11/05 11:36:07.866] - eth_getBalance
[2024/11/05 11:36:08.005] - eth_getTransactionReceipt
[2024/11/05 11:36:08.255] - net_version
[2024/11/05 11:36:08.258] - eth_getCode
[2024/11/05 11:36:08.410] - net_version
[2024/11/05 11:36:08.413] - eth_getCode
[2024/11/05 11:36:08.547] - net_version
[2024/11/05 11:36:08.550] - eth_getCode
[2024/11/05 11:36:08.673] - net_version
[2024/11/05 11:36:08.677] - eth_getCode
[2024/11/05 11:36:08.679] - eth_getBlockByNumber
[2024/11/05 11:36:08.683] - eth_getBalance
[2024/11/05 11:36:08.685] - eth_getTransactionCount
[2024/11/05 11:36:08.688] - eth_getStorageAt
[2024/11/05 11:36:08.692] - eth_getStorageAt
[2024/11/05 11:36:08.695] - eth_getStorageAt
[2024/11/05 11:36:08.699] - eth_getStorageAt
[2024/11/05 11:36:25.908] - eth_blockNumber
[2024/11/05 11:36:45.922] - eth_blockNumber
[2024/11/05 11:37:05.929] - eth_blockNumber
[2024/11/05 11:37:25.947] - eth_blockNumber
[2024/11/05 11:37:29.916] - eth_unsubscribe
[2024/11/05 11:37:29.917] - eth_unsubscribe
