[2024/11/04 18:14:01.464] - Starting server with initial configuration: {"gasLimit":6721975,"gasPrice":20000000000,"hardfork":"merge","hostname":"127.0.0.1","port":7545,"network_id":5777,"default_balance_ether":100000,"total_accounts":6,"unlocked_accounts":[],"locked":false,"vmErrorsOnRPCResponse":true,"verbose":false,"flavor":"ethereum","db_path":"C:\\Users\\richo\\AppData\\Roaming\\Ganache\\ui\\workspaces\\scattered-jelly\\chaindata","mnemonic":"hen stomach toe you young elevator smart impulse music high fold issue","logDirectory":"F:\\Apps\\DAO_Fractio\\truffle_logs"}
[2024/11/04 18:14:01.698] - eth_subscribe
[2024/11/04 18:14:01.709] - eth_getLogs
[2024/11/04 18:14:01.713] - eth_subscribe
[2024/11/04 18:14:01.727] - eth_subscribe
[2024/11/04 18:14:01.730] - eth_getLogs
[2024/11/04 18:14:01.732] - eth_subscribe
[2024/11/04 18:14:01.754] - eth_blockNumber
[2024/11/04 18:14:01.756] - eth_accounts
[2024/11/04 18:14:01.757] - eth_gasPrice
[2024/11/04 18:14:01.759] - eth_getBlockByNumber
[2024/11/04 18:14:01.760] - eth_subscribe
[2024/11/04 18:14:01.782] - eth_blockNumber
[2024/11/04 18:14:01.783] - eth_accounts
[2024/11/04 18:14:01.785] - eth_gasPrice
[2024/11/04 18:14:01.786] - eth_getBlockByNumber
[2024/11/04 18:14:01.788] - eth_subscribe
[2024/11/04 18:14:01.790] - eth_accounts
[2024/11/04 18:14:01.793] - eth_getBalance
[2024/11/04 18:14:01.795] - eth_getTransactionCount
[2024/11/04 18:14:01.797] - eth_getBalance
[2024/11/04 18:14:01.799] - eth_getTransactionCount
[2024/11/04 18:14:01.801] - eth_getBalance
[2024/11/04 18:14:01.804] - eth_getTransactionCount
[2024/11/04 18:14:01.806] - eth_getBalance
[2024/11/04 18:14:01.810] - eth_getTransactionCount
[2024/11/04 18:14:01.813] - eth_getBalance
[2024/11/04 18:14:01.817] - eth_getTransactionCount
[2024/11/04 18:14:01.820] - eth_getBalance
[2024/11/04 18:14:01.824] - eth_getTransactionCount
[2024/11/04 18:14:01.862] - eth_getBalance
[2024/11/04 18:14:01.865] - eth_getTransactionCount
[2024/11/04 18:14:01.869] - eth_getBalance
[2024/11/04 18:14:01.871] - eth_getTransactionCount
[2024/11/04 18:14:01.874] - eth_getBalance
[2024/11/04 18:14:01.893] - eth_getTransactionCount
[2024/11/04 18:14:02.101] - eth_getBalance
[2024/11/04 18:14:02.104] - eth_getTransactionCount
[2024/11/04 18:14:02.106] - eth_getBalance
[2024/11/04 18:14:02.108] - eth_getTransactionCount
[2024/11/04 18:14:02.109] - eth_getBalance
[2024/11/04 18:14:02.110] - eth_getTransactionCount
[2024/11/04 18:14:02.112] - eth_getBalance
[2024/11/04 18:14:02.117] - eth_getTransactionCount
[2024/11/04 18:14:02.119] - eth_getBalance
[2024/11/04 18:14:02.120] - eth_getTransactionCount
[2024/11/04 18:14:02.141] - eth_getBalance
[2024/11/04 18:14:02.211] - eth_getTransactionCount
[2024/11/04 18:14:02.213] - eth_getBalance
[2024/11/04 18:14:02.214] - eth_getTransactionCount
[2024/11/04 18:14:02.216] - eth_getBalance
[2024/11/04 18:14:02.217] - eth_getTransactionCount
[2024/11/04 18:14:02.217] - eth_getBalance
[2024/11/04 18:14:02.218] - eth_getTransactionCount
[2024/11/04 18:14:02.220] - eth_getBalance
[2024/11/04 18:14:02.221] - eth_getTransactionCount
[2024/11/04 18:14:02.222] - eth_getBalance
[2024/11/04 18:14:02.223] - eth_getTransactionCount
[2024/11/04 18:14:02.224] - eth_getBalance
[2024/11/04 18:14:02.226] - eth_getTransactionCount
[2024/11/04 18:14:02.227] - eth_getBalance
[2024/11/04 18:14:02.228] - eth_getTransactionCount
[2024/11/04 18:14:02.230] - eth_getBalance
[2024/11/04 18:14:02.299] - eth_getTransactionCount
[2024/11/04 18:14:02.302] - eth_getBalance
[2024/11/04 18:14:02.303] - eth_getTransactionCount
[2024/11/04 18:19:53.615] - eth_blockNumber
[2024/11/04 18:19:53.667] - net_version
[2024/11/04 18:19:53.673] - eth_accounts
[2024/11/04 18:19:53.712] - eth_getBlockByNumber
[2024/11/04 18:19:53.722] - eth_accounts
[2024/11/04 18:19:53.796] - net_version
[2024/11/04 18:19:53.801] - eth_getBlockByNumber
[2024/11/04 18:19:53.806] - eth_getBlockByNumber
[2024/11/04 18:19:53.812] - net_version
[2024/11/04 18:19:53.818] - eth_getBlockByNumber
[2024/11/04 18:19:53.827] - eth_estimateGas
[2024/11/04 18:19:53.924] - net_version
[2024/11/04 18:19:53.926] - eth_blockNumber
[2024/11/04 18:19:53.931] - eth_getBlockByNumber
[2024/11/04 18:19:53.939] - eth_estimateGas
[2024/11/04 18:26:28.493] - eth_blockNumber
[2024/11/04 18:26:28.566] - net_version
[2024/11/04 18:26:28.571] - eth_accounts
[2024/11/04 18:26:28.627] - eth_getBlockByNumber
[2024/11/04 18:26:28.643] - eth_accounts
[2024/11/04 18:26:28.717] - net_version
[2024/11/04 18:26:28.724] - eth_getBlockByNumber
[2024/11/04 18:26:28.730] - eth_getBlockByNumber
[2024/11/04 18:26:28.737] - net_version
[2024/11/04 18:26:28.745] - eth_getBlockByNumber
[2024/11/04 18:26:28.761] - eth_estimateGas
[2024/11/04 18:26:28.857] - net_version
[2024/11/04 18:26:28.859] - eth_blockNumber
[2024/11/04 18:26:28.864] - eth_getBlockByNumber
[2024/11/04 18:26:28.870] - eth_estimateGas
[2024/11/04 18:29:45.525] - eth_unsubscribe
[2024/11/04 18:29:45.582] - eth_unsubscribe
