[2024/11/05 12:40:52.715] - Starting server with initial configuration: {"gasLimit":6721975,"gasPrice":20000000000,"hardfork":"merge","hostname":"127.0.0.1","port":7545,"network_id":5777,"default_balance_ether":1000000,"total_accounts":5,"unlocked_accounts":[],"locked":false,"vmErrorsOnRPCResponse":true,"verbose":true,"flavor":"ethereum","db_path":"C:\\Users\\richo\\AppData\\Roaming\\Ganache\\ui\\workspaces\\DAO_Fractio\\chaindata","mnemonic":"goose boil receive toy recycle auto useful clog call save fade lens","logDirectory":"F:\\Apps\\DAO_Fractio\\truffle_logs"}
[2024/11/05 12:40:52.815] -    >  net_version: []
[2024/11/05 12:40:52.847] -    >  net_version: []
[2024/11/05 12:40:52.850] -    >  net_version: []
[2024/11/05 12:40:52.853] -    >  net_version: []
[2024/11/05 12:40:52.857] -    >  net_version: []
[2024/11/05 12:40:52.860] -    >  net_version: []
[2024/11/05 12:40:52.863] -    >  net_version: []
[2024/11/05 12:40:52.866] -    >  net_version: []
[2024/11/05 12:40:52.869] -    >  net_version: []
[2024/11/05 12:40:52.871] -    >  net_version: []
[2024/11/05 12:40:52.873] -    >  net_version: []
[2024/11/05 12:40:52.876] -    >  net_version: []
[2024/11/05 12:40:52.879] -    >  net_version: []
[2024/11/05 12:40:52.881] -    >  net_version: []
[2024/11/05 12:40:52.883] -    >  net_version: []
[2024/11/05 12:40:52.885] -    >  net_version: []
[2024/11/05 12:40:52.888] -    >  net_version: []
[2024/11/05 12:40:52.891] -    >  eth_blockNumber: []
[2024/11/05 12:40:52.893] -    >  net_version: []
[2024/11/05 12:40:52.896] -    >  net_version: []
[2024/11/05 12:40:52.898] -    >  net_version: []
[2024/11/05 12:40:52.899] -    >  net_version: []
[2024/11/05 12:40:52.901] -    >  net_version: []
[2024/11/05 12:40:52.903] -    >  net_version: []
[2024/11/05 12:40:52.904] -    >  net_version: []
[2024/11/05 12:40:52.906] -    >  net_version: []
[2024/11/05 12:40:52.908] -    >  net_version: []
[2024/11/05 12:40:52.911] -    >  net_version: []
[2024/11/05 12:40:52.913] -    >  net_version: []
[2024/11/05 12:40:52.915] -    >  net_version: []
[2024/11/05 12:40:52.918] -    >  net_version: []
[2024/11/05 12:40:52.920] -    >  net_version: []
[2024/11/05 12:40:52.922] -    >  net_version: []
[2024/11/05 12:40:52.925] -    >  net_version: []
[2024/11/05 12:40:52.927] -    >  net_version: []
[2024/11/05 12:40:52.929] -    >  net_version: []
[2024/11/05 12:40:52.931] -    >  net_version: []
[2024/11/05 12:40:52.933] -    >  net_version: []
[2024/11/05 12:40:52.935] -    >  net_version: []
[2024/11/05 12:40:52.937] -    >  net_version: []
[2024/11/05 12:40:52.939] -    >  net_version: []
[2024/11/05 12:40:52.941] -    >  net_version: []
[2024/11/05 12:40:52.944] -    >  net_version: []
[2024/11/05 12:40:52.946] -    >  net_version: []
[2024/11/05 12:40:52.949] -    >  net_version: []
[2024/11/05 12:40:52.951] -    >  net_version: []
[2024/11/05 12:40:52.953] -    >  net_version: []
[2024/11/05 12:40:52.955] -    >  eth_getBlockByNumber: [
   >   "0x17",
   >   false
   > ]
[2024/11/05 12:40:53.017] -    >  eth_getCode: [
   >   "0x8207054385345e96cce8791d093c8a3812990989",
   >   "latest"
   > ]
[2024/11/05 12:40:53.021] -    >  eth_subscribe: [
   >   "newHeads"
   > ]
[2024/11/05 12:40:53.023] -    >  eth_getLogs: [
   >   {
   >     "fromBlock": null,
   >     "topics": []
   >   }
   > ]
[2024/11/05 12:40:53.025] -    >  eth_subscribe: [
   >   "logs",
   >   {
   >     "topics": []
   >   }
   > ]
[2024/11/05 12:40:53.027] -    >  eth_getCode: [
   >   "0x79e0e8e82d030811aa84d2f5747e6ebfd264cd42",
   >   "latest"
   > ]
[2024/11/05 12:40:53.030] -    >  eth_getCode: [
   >   "0x95e2c65c7b370642f59fde51079de8bfba459c28",
   >   "latest"
   > ]
[2024/11/05 12:40:53.306] -    >  eth_getCode: [
   >   "0x8207054385345e96cce8791d093c8a3812990989",
   >   "latest"
   > ]
[2024/11/05 12:40:53.308] -    >  eth_subscribe: [
   >   "newHeads"
   > ]
[2024/11/05 12:40:53.309] -    >  eth_getLogs: [
   >   {
   >     "fromBlock": null,
   >     "topics": []
   >   }
   > ]
[2024/11/05 12:40:53.310] -    >  eth_subscribe: [
   >   "logs",
   >   {
   >     "topics": []
   >   }
   > ]
[2024/11/05 12:40:53.315] -    >  eth_getCode: [
   >   "0x79e0e8e82d030811aa84d2f5747e6ebfd264cd42",
   >   "latest"
   > ]
[2024/11/05 12:40:53.318] -    >  eth_getCode: [
   >   "0x95e2c65c7b370642f59fde51079de8bfba459c28",
   >   "latest"
   > ]
[2024/11/05 12:40:53.669] -    >  eth_blockNumber: []
[2024/11/05 12:40:53.670] -    >  eth_accounts: []
[2024/11/05 12:40:53.672] -    >  eth_gasPrice: []
[2024/11/05 12:40:53.674] -    >  eth_getBlockByNumber: [
   >   "latest",
   >   false
   > ]
[2024/11/05 12:40:53.675] -    >  eth_subscribe: [
   >   "newHeads"
   > ]
[2024/11/05 12:40:53.677] -    >  eth_blockNumber: []
[2024/11/05 12:40:53.678] -    >  eth_accounts: []
[2024/11/05 12:40:53.679] -    >  eth_gasPrice: []
[2024/11/05 12:40:53.680] -    >  eth_getBlockByNumber: [
   >   "latest",
   >   false
   > ]
[2024/11/05 12:40:53.682] -    >  eth_subscribe: [
   >   "newHeads"
   > ]
[2024/11/05 12:40:53.760] -    >  eth_accounts: []
[2024/11/05 12:40:53.984] -    >  eth_getBalance: [
   >   "0xaf549d19c0037c5110bcc87e5c0e3d4198927f45",
   >   "latest"
   > ]
[2024/11/05 12:40:54.005] -    >  eth_getTransactionCount: [
   >   "0xaf549d19c0037c5110bcc87e5c0e3d4198927f45",
   >   "latest"
   > ]
[2024/11/05 12:40:54.026] -    >  eth_getBalance: [
   >   "0x6edd7961757b88f3c6bc916bb11d265c5640e3fc",
   >   "latest"
   > ]
[2024/11/05 12:40:54.048] -    >  eth_getTransactionCount: [
   >   "0x6edd7961757b88f3c6bc916bb11d265c5640e3fc",
   >   "latest"
   > ]
[2024/11/05 12:40:54.071] -    >  eth_getBalance: [
   >   "0x488ddccda1be0215d0efa4c738b411d1f62e4afd",
   >   "latest"
   > ]
[2024/11/05 12:40:54.094] -    >  eth_getTransactionCount: [
   >   "0x488ddccda1be0215d0efa4c738b411d1f62e4afd",
   >   "latest"
   > ]
[2024/11/05 12:40:54.116] -    >  eth_getBalance: [
   >   "0x4dcb451c8a7c39057b87dfa812ee8a9bf17ed169",
   >   "latest"
   > ]
[2024/11/05 12:40:54.138] -    >  eth_getTransactionCount: [
   >   "0x4dcb451c8a7c39057b87dfa812ee8a9bf17ed169",
   >   "latest"
   > ]
[2024/11/05 12:40:54.157] -    >  eth_getBalance: [
   >   "0xf750702a101e7db6591f345056e4f0b457854fe4",
   >   "latest"
   > ]
[2024/11/05 12:40:54.179] -    >  eth_getTransactionCount: [
   >   "0xf750702a101e7db6591f345056e4f0b457854fe4",
   >   "latest"
   > ]
[2024/11/05 12:40:54.250] -    >  eth_getBalance: [
   >   "0xaf549d19c0037c5110bcc87e5c0e3d4198927f45",
   >   "latest"
   > ]
[2024/11/05 12:40:54.273] -    >  eth_getTransactionCount: [
   >   "0xaf549d19c0037c5110bcc87e5c0e3d4198927f45",
   >   "latest"
   > ]
[2024/11/05 12:40:54.296] -    >  eth_getBalance: [
   >   "0x6edd7961757b88f3c6bc916bb11d265c5640e3fc",
   >   "latest"
   > ]
[2024/11/05 12:40:54.324] -    >  eth_getTransactionCount: [
   >   "0x6edd7961757b88f3c6bc916bb11d265c5640e3fc",
   >   "latest"
   > ]
[2024/11/05 12:40:54.348] -    >  eth_getBalance: [
   >   "0x488ddccda1be0215d0efa4c738b411d1f62e4afd",
   >   "latest"
   > ]
[2024/11/05 12:40:54.368] -    >  eth_getTransactionCount: [
   >   "0x488ddccda1be0215d0efa4c738b411d1f62e4afd",
   >   "latest"
   > ]
[2024/11/05 12:40:54.390] -    >  eth_getBalance: [
   >   "0x4dcb451c8a7c39057b87dfa812ee8a9bf17ed169",
   >   "latest"
   > ]
[2024/11/05 12:40:54.415] -    >  eth_getTransactionCount: [
   >   "0x4dcb451c8a7c39057b87dfa812ee8a9bf17ed169",
   >   "latest"
   > ]
[2024/11/05 12:40:54.437] -    >  eth_getBalance: [
   >   "0xf750702a101e7db6591f345056e4f0b457854fe4",
   >   "latest"
   > ]
[2024/11/05 12:40:54.457] -    >  eth_getTransactionCount: [
   >   "0xf750702a101e7db6591f345056e4f0b457854fe4",
   >   "latest"
   > ]
[2024/11/05 12:40:54.478] -    >  eth_getBalance: [
   >   "0xaf549d19c0037c5110bcc87e5c0e3d4198927f45",
   >   "latest"
   > ]
[2024/11/05 12:40:54.500] -    >  eth_getTransactionCount: [
   >   "0xaf549d19c0037c5110bcc87e5c0e3d4198927f45",
   >   "latest"
   > ]
[2024/11/05 12:40:54.521] -    >  eth_getBalance: [
   >   "0x6edd7961757b88f3c6bc916bb11d265c5640e3fc",
   >   "latest"
   > ]
[2024/11/05 12:40:54.545] -    >  eth_getTransactionCount: [
   >   "0x6edd7961757b88f3c6bc916bb11d265c5640e3fc",
   >   "latest"
   > ]
[2024/11/05 12:40:54.567] -    >  eth_getBalance: [
   >   "0x488ddccda1be0215d0efa4c738b411d1f62e4afd",
   >   "latest"
   > ]
[2024/11/05 12:40:54.585] -    >  eth_getTransactionCount: [
   >   "0x488ddccda1be0215d0efa4c738b411d1f62e4afd",
   >   "latest"
   > ]
[2024/11/05 12:40:54.605] -    >  eth_getBalance: [
   >   "0x4dcb451c8a7c39057b87dfa812ee8a9bf17ed169",
   >   "latest"
   > ]
[2024/11/05 12:40:54.626] -    >  eth_getTransactionCount: [
   >   "0x4dcb451c8a7c39057b87dfa812ee8a9bf17ed169",
   >   "latest"
   > ]
[2024/11/05 12:40:54.648] -    >  eth_getBalance: [
   >   "0xf750702a101e7db6591f345056e4f0b457854fe4",
   >   "latest"
   > ]
[2024/11/05 12:40:54.669] -    >  eth_getTransactionCount: [
   >   "0xf750702a101e7db6591f345056e4f0b457854fe4",
   >   "latest"
   > ]
[2024/11/05 12:40:54.887] -    >  eth_getBalance: [
   >   "0xaf549d19c0037c5110bcc87e5c0e3d4198927f45",
   >   "latest"
   > ]
[2024/11/05 12:40:54.909] -    >  eth_getTransactionCount: [
   >   "0xaf549d19c0037c5110bcc87e5c0e3d4198927f45",
   >   "latest"
   > ]
[2024/11/05 12:40:54.930] -    >  eth_getBalance: [
   >   "0x6edd7961757b88f3c6bc916bb11d265c5640e3fc",
   >   "latest"
   > ]
[2024/11/05 12:40:54.951] -    >  eth_getTransactionCount: [
   >   "0x6edd7961757b88f3c6bc916bb11d265c5640e3fc",
   >   "latest"
   > ]
[2024/11/05 12:40:54.972] -    >  eth_getBalance: [
   >   "0x488ddccda1be0215d0efa4c738b411d1f62e4afd",
   >   "latest"
   > ]
[2024/11/05 12:40:54.989] -    >  eth_getTransactionCount: [
   >   "0x488ddccda1be0215d0efa4c738b411d1f62e4afd",
   >   "latest"
   > ]
[2024/11/05 12:40:55.009] -    >  eth_getBalance: [
   >   "0x4dcb451c8a7c39057b87dfa812ee8a9bf17ed169",
   >   "latest"
   > ]
[2024/11/05 12:40:55.028] -    >  eth_getTransactionCount: [
   >   "0x4dcb451c8a7c39057b87dfa812ee8a9bf17ed169",
   >   "latest"
   > ]
[2024/11/05 12:40:55.048] -    >  eth_getBalance: [
   >   "0xf750702a101e7db6591f345056e4f0b457854fe4",
   >   "latest"
   > ]
[2024/11/05 12:40:55.084] -    >  eth_getTransactionCount: [
   >   "0xf750702a101e7db6591f345056e4f0b457854fe4",
   >   "latest"
   > ]
[2024/11/05 12:41:19.192] -    >  eth_blockNumber: []
[2024/11/05 12:41:26.233] -    >  eth_getBalance: [
   >   "0x42886ffbd081006ee6c6372459d7d570467767ef",
   >   "0x17"
   > ]
[2024/11/05 12:41:26.236] -    >  eth_getBalance: [
   >   "0xb696e0dd390dfa6fd731bd128863f332d40f68b8",
   >   "0x17"
   > ]
[2024/11/05 12:41:26.238] -    >  eth_getBalance: [
   >   "0x33bc686e2adb94bb83d5659e8408e23f652c88f1",
   >   "0x17"
   > ]
[2024/11/05 12:41:26.241] -    >  eth_getBalance: [
   >   "0x486295691c0c51a171691f81bb4e5b2e2e859226",
   >   "0x17"
   > ]
[2024/11/05 12:41:26.244] -    >  eth_getBalance: [
   >   "0xd4907ee8324b00f2a005c15059e45c88a140d3fa",
   >   "0x17"
   > ]
[2024/11/05 12:41:26.246] -    >  eth_getBalance: [
   >   "0xaf549d19c0037c5110bcc87e5c0e3d4198927f45",
   >   "0x17"
   > ]
[2024/11/05 12:41:26.252] -    >  eth_blockNumber: []
[2024/11/05 12:41:26.451] -    >  eth_blockNumber: []
[2024/11/05 12:41:30.546] -    >  eth_call: [
   >   {
   >     "data": "0x02a251a3",
   >     "to": "0x8207054385345e96cce8791d093c8a3812990989"
   >   },
   >   "0x17"
   > ]
[2024/11/05 12:41:30.574] -    >  eth_call: [
   >   {
   >     "data": "0x06fdde03",
   >     "to": "0x79e0e8e82d030811aa84d2f5747e6ebfd264cd42"
   >   },
   >   "0x17"
   > ]
[2024/11/05 12:41:30.600] -    >  eth_call: [
   >   {
   >     "data": "0x08ae4b0c000000000000000000000000af549d19c0037c5110bcc87e5c0e3d4198927f45",
   >     "to": "0x8207054385345e96cce8791d093c8a3812990989"
   >   },
   >   "0x17"
   > ]
[2024/11/05 12:41:30.631] -    >  eth_gasPrice: []
[2024/11/05 12:41:30.668] -    >  eth_getCode: [
   >   "0x8207054385345e96cce8791d093c8a3812990989",
   >   "0x17"
   > ]
[2024/11/05 12:41:30.734] -    >  eth_call: [
   >   {
   >     "to": "0x8207054385345e96cce8791d093c8a3812990989",
   >     "data": "0x01ffc9a780ac58cd00000000000000000000000000000000000000000000000000000000"
   >   },
   >   "0x17"
   > ]
[2024/11/05 12:41:30.959] -    >  eth_call: [
   >   {
   >     "to": "0x8207054385345e96cce8791d093c8a3812990989",
   >     "data": "0x01ffc9a7d9b67a2600000000000000000000000000000000000000000000000000000000"
   >   },
   >   "0x17"
   > ]
[2024/11/05 12:41:31.043] -    >  eth_call: [
   >   {
   >     "to": "0x8207054385345e96cce8791d093c8a3812990989",
   >     "data": "0x95d89b41"
   >   },
   >   "0x17"
   > ]
[2024/11/05 12:41:31.062] -    >  eth_call: [
   >   {
   >     "to": "0x8207054385345e96cce8791d093c8a3812990989",
   >     "data": "0x313ce567"
   >   },
   >   "0x17"
   > ]
[2024/11/05 12:41:31.868] -    >  eth_blockNumber: []
[2024/11/05 12:41:32.201] -    >  eth_call: [
   >   {
   >     "to": "0x8207054385345e96cce8791d093c8a3812990989",
   >     "data": "0x95d89b41"
   >   },
   >   "0x17"
   > ]
[2024/11/05 12:41:32.209] -    >  eth_call: [
   >   {
   >     "to": "0x8207054385345e96cce8791d093c8a3812990989",
   >     "data": "0x313ce567"
   >   },
   >   "0x17"
   > ]
[2024/11/05 12:41:33.809] -    >  eth_getTransactionCount: [
   >   "0xaf549d19c0037c5110bcc87e5c0e3d4198927f45",
   >   "0x17"
   > ]
[2024/11/05 12:41:33.842] -    >  eth_sendRawTransaction: [
   >   "0x02f8f282053917843b9aca0084773594008307a120948207054385345e96cce8791d093c8a381299098980b88449c2a1a600000000000000000000000000000000000000000000000000000000000000200000000000000000000000000000000000000000000000000000000000000027546573742050726f706f73616c3a2055706461746520766f74696e6720706172616d657465727300000000000000000000000000000000000000000000000000c080a0ab34f0e1cfc80ce5d878caa32da93fbf6da6701dc12b1fb73d5b49d90eaebd56a07f40284d7141c5ae8e8e1d17b0de8022782508b675a5851342898aa8cbb59167"
   > ]
[2024/11/05 12:41:33.893] - 
  Transaction: 0xdb930271222c3d5874f24b481315bb64cde95de7b5799e826ccc8b0903bda636
  Gas usage: 25029
  Block number: 24
  Block time: Tue Nov 05 2024 12:41:33 GMT+0100 (Central European Standard Time)
  Runtime error: revert
  Revert reason: Not a member

[2024/11/05 12:41:33.902] -    >  eth_getBlockByNumber: [
   >   "0x18",
   >   true
   > ]
[2024/11/05 12:41:34.047] -    >  eth_getBalance: [
   >   "0xaf549d19c0037c5110bcc87e5c0e3d4198927f45",
   >   "latest"
   > ]
[2024/11/05 12:41:34.089] -    >  eth_getTransactionCount: [
   >   "0xaf549d19c0037c5110bcc87e5c0e3d4198927f45",
   >   "latest"
   > ]
[2024/11/05 12:41:34.125] -    >  eth_getBalance: [
   >   "0x6edd7961757b88f3c6bc916bb11d265c5640e3fc",
   >   "latest"
   > ]
[2024/11/05 12:41:34.155] -    >  eth_getTransactionCount: [
   >   "0x6edd7961757b88f3c6bc916bb11d265c5640e3fc",
   >   "latest"
   > ]
[2024/11/05 12:41:34.212] -    >  eth_call: [
   >   {
   >     "to": "0x8207054385345e96cce8791d093c8a3812990989",
   >     "data": "0x95d89b41"
   >   },
   >   "0x17"
   > ]
[2024/11/05 12:41:34.215] -    >  eth_call: [
   >   {
   >     "to": "0x8207054385345e96cce8791d093c8a3812990989",
   >     "data": "0x313ce567"
   >   },
   >   "0x17"
   > ]
[2024/11/05 12:41:34.346] -    >  eth_getBalance: [
   >   "0x488ddccda1be0215d0efa4c738b411d1f62e4afd",
   >   "latest"
   > ]
[2024/11/05 12:41:34.348] -    >  eth_getTransactionCount: [
   >   "0x488ddccda1be0215d0efa4c738b411d1f62e4afd",
   >   "latest"
   > ]
[2024/11/05 12:41:34.350] -    >  eth_getBalance: [
   >   "0x4dcb451c8a7c39057b87dfa812ee8a9bf17ed169",
   >   "latest"
   > ]
[2024/11/05 12:41:34.355] -    >  eth_getTransactionCount: [
   >   "0x4dcb451c8a7c39057b87dfa812ee8a9bf17ed169",
   >   "latest"
   > ]
[2024/11/05 12:41:34.397] -    >  eth_getBalance: [
   >   "0xf750702a101e7db6591f345056e4f0b457854fe4",
   >   "latest"
   > ]
[2024/11/05 12:41:34.425] -    >  eth_getTransactionCount: [
   >   "0xf750702a101e7db6591f345056e4f0b457854fe4",
   >   "latest"
   > ]
[2024/11/05 12:41:51.938] -    >  eth_blockNumber: []
[2024/11/05 12:43:23.967] -    >  eth_blockNumber: []
[2024/11/05 12:43:23.977] -    >  eth_getBalance: [
   >   "0x42886ffbd081006ee6c6372459d7d570467767ef",
   >   "0x18"
   > ]
[2024/11/05 12:43:23.980] -    >  eth_getBalance: [
   >   "0xb696e0dd390dfa6fd731bd128863f332d40f68b8",
   >   "0x18"
   > ]
[2024/11/05 12:43:23.984] -    >  eth_getBalance: [
   >   "0x33bc686e2adb94bb83d5659e8408e23f652c88f1",
   >   "0x18"
   > ]
[2024/11/05 12:43:23.988] -    >  eth_getBalance: [
   >   "0x486295691c0c51a171691f81bb4e5b2e2e859226",
   >   "0x18"
   > ]
[2024/11/05 12:43:23.993] -    >  eth_getBalance: [
   >   "0xd4907ee8324b00f2a005c15059e45c88a140d3fa",
   >   "0x18"
   > ]
[2024/11/05 12:43:23.994] -    >  eth_getBalance: [
   >   "0xaf549d19c0037c5110bcc87e5c0e3d4198927f45",
   >   "0x18"
   > ]
[2024/11/05 12:43:23.998] -    >  eth_getBlockByNumber: [
   >   "0x18",
   >   false
   > ]
[2024/11/05 12:43:24.509] -    >  eth_blockNumber: []
[2024/11/05 12:43:24.880] -    >  eth_gasPrice: []
[2024/11/05 12:44:28.636] -    >  eth_blockNumber: []
[2024/11/05 12:44:28.688] -    >  eth_call: [
   >   {
   >     "data": "0x02a251a3",
   >     "to": "0x8207054385345e96cce8791d093c8a3812990989"
   >   },
   >   "0x18"
   > ]
[2024/11/05 12:44:28.710] -    >  eth_call: [
   >   {
   >     "data": "0x06fdde03",
   >     "to": "0x79e0e8e82d030811aa84d2f5747e6ebfd264cd42"
   >   },
   >   "0x18"
   > ]
[2024/11/05 12:44:28.746] -    >  eth_call: [
   >   {
   >     "data": "0x08ae4b0c000000000000000000000000af549d19c0037c5110bcc87e5c0e3d4198927f45",
   >     "to": "0x8207054385345e96cce8791d093c8a3812990989"
   >   },
   >   "0x18"
   > ]
[2024/11/05 12:44:28.799] -    >  eth_getCode: [
   >   "0x8207054385345e96cce8791d093c8a3812990989",
   >   "0x18"
   > ]
[2024/11/05 12:44:28.869] -    >  eth_call: [
   >   {
   >     "to": "0x8207054385345e96cce8791d093c8a3812990989",
   >     "data": "0x01ffc9a780ac58cd00000000000000000000000000000000000000000000000000000000"
   >   },
   >   "0x18"
   > ]
[2024/11/05 12:44:29.066] -    >  eth_call: [
   >   {
   >     "to": "0x8207054385345e96cce8791d093c8a3812990989",
   >     "data": "0x01ffc9a7d9b67a2600000000000000000000000000000000000000000000000000000000"
   >   },
   >   "0x18"
   > ]
[2024/11/05 12:44:29.123] -    >  eth_call: [
   >   {
   >     "to": "0x8207054385345e96cce8791d093c8a3812990989",
   >     "data": "0x95d89b41"
   >   },
   >   "0x18"
   > ]
[2024/11/05 12:44:29.132] -    >  eth_call: [
   >   {
   >     "to": "0x8207054385345e96cce8791d093c8a3812990989",
   >     "data": "0x313ce567"
   >   },
   >   "0x18"
   > ]
[2024/11/05 12:44:30.083] -    >  eth_blockNumber: []
[2024/11/05 12:44:30.348] -    >  eth_call: [
   >   {
   >     "to": "0x8207054385345e96cce8791d093c8a3812990989",
   >     "data": "0x95d89b41"
   >   },
   >   "0x18"
   > ]
[2024/11/05 12:44:30.357] -    >  eth_call: [
   >   {
   >     "to": "0x8207054385345e96cce8791d093c8a3812990989",
   >     "data": "0x313ce567"
   >   },
   >   "0x18"
   > ]
[2024/11/05 12:44:50.115] -    >  eth_blockNumber: []
[2024/11/05 12:45:06.662] -    >  eth_call: [
   >   {
   >     "to": "0x8207054385345e96cce8791d093c8a3812990989",
   >     "data": "0x95d89b41"
   >   },
   >   "0x18"
   > ]
[2024/11/05 12:45:07.032] -    >  eth_call: [
   >   {
   >     "to": "0x8207054385345e96cce8791d093c8a3812990989",
   >     "data": "0x313ce567"
   >   },
   >   "0x18"
   > ]
[2024/11/05 12:45:10.144] -    >  eth_getTransactionCount: [
   >   "0xaf549d19c0037c5110bcc87e5c0e3d4198927f45",
   >   "0x18"
   > ]
[2024/11/05 12:45:10.169] -    >  eth_sendRawTransaction: [
   >   "0x02f8f282053918843b9aca0084773594008307a120948207054385345e96cce8791d093c8a381299098980b88449c2a1a600000000000000000000000000000000000000000000000000000000000000200000000000000000000000000000000000000000000000000000000000000027546573742050726f706f73616c3a2055706461746520766f74696e6720706172616d657465727300000000000000000000000000000000000000000000000000c001a0abd9b240cb546a2b6afff515443e2092db92ba62f00af6c8fa5d60be6e406645a04e92e0f82dabd58d52644e57abc10219c0e04315b390d24efa94b1b4ee1f1c35"
   > ]
[2024/11/05 12:45:10.191] - 
  Transaction: 0xd90af056b9309c6fbb8c3ab20e0fc9d65680699dd5db799909307c064b932068
  Gas usage: 25029
  Block number: 25
  Block time: Tue Nov 05 2024 12:45:10 GMT+0100 (Central European Standard Time)
  Runtime error: revert
  Revert reason: Not a member

[2024/11/05 12:45:10.206] -    >  eth_getBlockByNumber: [
   >   "0x19",
   >   true
   > ]
[2024/11/05 12:45:10.222] -    >  eth_blockNumber: []
[2024/11/05 12:45:10.231] -    >  eth_getBlockByNumber: [
   >   "0x19",
   >   false
   > ]
[2024/11/05 12:45:10.241] -    >  eth_call: [
   >   {
   >     "to": "0x8207054385345e96cce8791d093c8a3812990989",
   >     "data": "0x95d89b41"
   >   },
   >   "0x19"
   > ]
[2024/11/05 12:45:10.246] -    >  eth_call: [
   >   {
   >     "to": "0x8207054385345e96cce8791d093c8a3812990989",
   >     "data": "0x313ce567"
   >   },
   >   "0x19"
   > ]
[2024/11/05 12:45:10.250] -    >  eth_getBalance: [
   >   "0x42886ffbd081006ee6c6372459d7d570467767ef",
   >   "0x19"
   > ]
[2024/11/05 12:45:10.255] -    >  eth_getBalance: [
   >   "0xb696e0dd390dfa6fd731bd128863f332d40f68b8",
   >   "0x19"
   > ]
[2024/11/05 12:45:10.257] -    >  eth_getBalance: [
   >   "0x33bc686e2adb94bb83d5659e8408e23f652c88f1",
   >   "0x19"
   > ]
[2024/11/05 12:45:10.262] -    >  eth_getBalance: [
   >   "0x486295691c0c51a171691f81bb4e5b2e2e859226",
   >   "0x19"
   > ]
[2024/11/05 12:45:10.273] -    >  eth_getBalance: [
   >   "0xd4907ee8324b00f2a005c15059e45c88a140d3fa",
   >   "0x19"
   > ]
[2024/11/05 12:45:10.276] -    >  eth_getBalance: [
   >   "0xaf549d19c0037c5110bcc87e5c0e3d4198927f45",
   >   "0x19"
   > ]
[2024/11/05 12:45:10.445] -    >  eth_getBalance: [
   >   "0xaf549d19c0037c5110bcc87e5c0e3d4198927f45",
   >   "latest"
   > ]
[2024/11/05 12:45:10.505] -    >  eth_getTransactionCount: [
   >   "0xaf549d19c0037c5110bcc87e5c0e3d4198927f45",
   >   "latest"
   > ]
[2024/11/05 12:45:10.539] -    >  eth_getBalance: [
   >   "0x6edd7961757b88f3c6bc916bb11d265c5640e3fc",
   >   "latest"
   > ]
[2024/11/05 12:45:10.577] -    >  eth_getTransactionCount: [
   >   "0x6edd7961757b88f3c6bc916bb11d265c5640e3fc",
   >   "latest"
   > ]
[2024/11/05 12:45:10.644] -    >  eth_getBalance: [
   >   "0x488ddccda1be0215d0efa4c738b411d1f62e4afd",
   >   "latest"
   > ]
[2024/11/05 12:45:10.706] -    >  eth_getTransactionCount: [
   >   "0x488ddccda1be0215d0efa4c738b411d1f62e4afd",
   >   "latest"
   > ]
[2024/11/05 12:45:10.739] -    >  eth_blockNumber: []
[2024/11/05 12:45:10.742] -    >  eth_call: [
   >   {
   >     "to": "0x8207054385345e96cce8791d093c8a3812990989",
   >     "data": "0x01ffc9a780ac58cd00000000000000000000000000000000000000000000000000000000"
   >   },
   >   "0x19"
   > ]
[2024/11/05 12:45:10.753] -    >  eth_getBalance: [
   >   "0x4dcb451c8a7c39057b87dfa812ee8a9bf17ed169",
   >   "latest"
   > ]
[2024/11/05 12:45:10.771] -    >  eth_call: [
   >   {
   >     "to": "0x8207054385345e96cce8791d093c8a3812990989",
   >     "data": "0x01ffc9a7d9b67a2600000000000000000000000000000000000000000000000000000000"
   >   },
   >   "0x19"
   > ]
[2024/11/05 12:45:10.789] -    >  eth_getTransactionCount: [
   >   "0x4dcb451c8a7c39057b87dfa812ee8a9bf17ed169",
   >   "latest"
   > ]
[2024/11/05 12:45:10.791] -    >  eth_call: [
   >   {
   >     "to": "0x8207054385345e96cce8791d093c8a3812990989",
   >     "data": "0x95d89b41"
   >   },
   >   "0x19"
   > ]
[2024/11/05 12:45:10.794] -    >  eth_call: [
   >   {
   >     "to": "0x8207054385345e96cce8791d093c8a3812990989",
   >     "data": "0x313ce567"
   >   },
   >   "0x19"
   > ]
[2024/11/05 12:45:10.826] -    >  eth_getBalance: [
   >   "0xf750702a101e7db6591f345056e4f0b457854fe4",
   >   "latest"
   > ]
[2024/11/05 12:45:10.877] -    >  eth_getTransactionCount: [
   >   "0xf750702a101e7db6591f345056e4f0b457854fe4",
   >   "latest"
   > ]
[2024/11/05 12:45:23.860] -    >  eth_getTransactionCount: [
   >   "0xaf549d19c0037c5110bcc87e5c0e3d4198927f45",
   >   "0x19"
   > ]
[2024/11/05 12:45:23.883] -    >  eth_sendRawTransaction: [
   >   "0x02f8f282053919843b9aca0084773594008307a120948207054385345e96cce8791d093c8a381299098980b88449c2a1a600000000000000000000000000000000000000000000000000000000000000200000000000000000000000000000000000000000000000000000000000000027546573742050726f706f73616c3a2055706461746520766f74696e6720706172616d657465727300000000000000000000000000000000000000000000000000c001a0465ef81c90a5b3f064a5c102f770b39fc3a4636947999920e441deef3001b440a03115974284c6a05de07f2d9b637a58c2603b52553c19773aea9f1bfab4b73311"
   > ]
[2024/11/05 12:45:23.907] - 
  Transaction: 0x42911c1c47d748cd335e1ffd8896464d519c8427fa64b9108057e283c5a3942b
  Gas usage: 25029
  Block number: 26
  Block time: Tue Nov 05 2024 12:45:23 GMT+0100 (Central European Standard Time)
  Runtime error: revert
  Revert reason: Not a member

[2024/11/05 12:45:23.914] -    >  eth_getBlockByNumber: [
   >   "0x1a",
   >   true
   > ]
[2024/11/05 12:45:23.950] -    >  eth_call: [
   >   {
   >     "to": "0x8207054385345e96cce8791d093c8a3812990989",
   >     "data": "0x95d89b41"
   >   },
   >   "0x19"
   > ]
[2024/11/05 12:45:23.955] -    >  eth_call: [
   >   {
   >     "to": "0x8207054385345e96cce8791d093c8a3812990989",
   >     "data": "0x313ce567"
   >   },
   >   "0x19"
   > ]
[2024/11/05 12:45:24.036] -    >  eth_getBalance: [
   >   "0xaf549d19c0037c5110bcc87e5c0e3d4198927f45",
   >   "latest"
   > ]
[2024/11/05 12:45:24.096] -    >  eth_getTransactionCount: [
   >   "0xaf549d19c0037c5110bcc87e5c0e3d4198927f45",
   >   "latest"
   > ]
[2024/11/05 12:45:24.126] -    >  eth_getBalance: [
   >   "0x6edd7961757b88f3c6bc916bb11d265c5640e3fc",
   >   "latest"
   > ]
[2024/11/05 12:45:24.167] -    >  eth_getTransactionCount: [
   >   "0x6edd7961757b88f3c6bc916bb11d265c5640e3fc",
   >   "latest"
   > ]
[2024/11/05 12:45:24.201] -    >  eth_getBalance: [
   >   "0x488ddccda1be0215d0efa4c738b411d1f62e4afd",
   >   "latest"
   > ]
[2024/11/05 12:45:24.270] -    >  eth_getTransactionCount: [
   >   "0x488ddccda1be0215d0efa4c738b411d1f62e4afd",
   >   "latest"
   > ]
[2024/11/05 12:45:24.324] -    >  eth_getBalance: [
   >   "0x4dcb451c8a7c39057b87dfa812ee8a9bf17ed169",
   >   "latest"
   > ]
[2024/11/05 12:45:24.370] -    >  eth_getTransactionCount: [
   >   "0x4dcb451c8a7c39057b87dfa812ee8a9bf17ed169",
   >   "latest"
   > ]
[2024/11/05 12:45:24.386] -    >  eth_call: [
   >   {
   >     "to": "0x8207054385345e96cce8791d093c8a3812990989",
   >     "data": "0x95d89b41"
   >   },
   >   "0x19"
   > ]
[2024/11/05 12:45:24.388] -    >  eth_call: [
   >   {
   >     "to": "0x8207054385345e96cce8791d093c8a3812990989",
   >     "data": "0x313ce567"
   >   },
   >   "0x19"
   > ]
[2024/11/05 12:45:24.408] -    >  eth_getBalance: [
   >   "0xf750702a101e7db6591f345056e4f0b457854fe4",
   >   "latest"
   > ]
[2024/11/05 12:45:24.453] -    >  eth_getTransactionCount: [
   >   "0xf750702a101e7db6591f345056e4f0b457854fe4",
   >   "latest"
   > ]
[2024/11/05 12:45:31.734] -    >  eth_gasPrice: []
[2024/11/05 12:46:16.516] -    >  eth_blockNumber: []
[2024/11/05 12:46:16.524] -    >  eth_call: [
   >   {
   >     "data": "0x02a251a3",
   >     "to": "0x8207054385345e96cce8791d093c8a3812990989"
   >   },
   >   "0x1a"
   > ]
[2024/11/05 12:46:16.577] -    >  eth_call: [
   >   {
   >     "data": "0x06fdde03",
   >     "to": "0x79e0e8e82d030811aa84d2f5747e6ebfd264cd42"
   >   },
   >   "0x1a"
   > ]
[2024/11/05 12:46:16.606] -    >  eth_call: [
   >   {
   >     "data": "0x08ae4b0c000000000000000000000000af549d19c0037c5110bcc87e5c0e3d4198927f45",
   >     "to": "0x8207054385345e96cce8791d093c8a3812990989"
   >   },
   >   "0x1a"
   > ]
[2024/11/05 12:46:16.634] -    >  eth_getBlockByNumber: [
   >   "0x1a",
   >   false
   > ]
[2024/11/05 12:46:16.646] -    >  eth_gasPrice: []
[2024/11/05 12:48:10.395] -    >  eth_blockNumber: []
[2024/11/05 12:48:10.439] -    >  eth_getCode: [
   >   "0x8207054385345e96cce8791d093c8a3812990989",
   >   "0x1a"
   > ]
[2024/11/05 12:48:10.466] -    >  eth_call: [
   >   {
   >     "to": "0x8207054385345e96cce8791d093c8a3812990989",
   >     "data": "0x01ffc9a780ac58cd00000000000000000000000000000000000000000000000000000000"
   >   },
   >   "0x1a"
   > ]
[2024/11/05 12:48:10.478] -    >  eth_call: [
   >   {
   >     "to": "0x8207054385345e96cce8791d093c8a3812990989",
   >     "data": "0x01ffc9a7d9b67a2600000000000000000000000000000000000000000000000000000000"
   >   },
   >   "0x1a"
   > ]
[2024/11/05 12:48:10.676] -    >  eth_call: [
   >   {
   >     "to": "0x8207054385345e96cce8791d093c8a3812990989",
   >     "data": "0x95d89b41"
   >   },
   >   "0x1a"
   > ]
[2024/11/05 12:48:10.716] -    >  eth_call: [
   >   {
   >     "to": "0x8207054385345e96cce8791d093c8a3812990989",
   >     "data": "0x313ce567"
   >   },
   >   "0x1a"
   > ]
[2024/11/05 12:48:12.138] -    >  eth_blockNumber: []
[2024/11/05 12:48:12.157] -    >  eth_getBalance: [
   >   "0x42886ffbd081006ee6c6372459d7d570467767ef",
   >   "0x1a"
   > ]
[2024/11/05 12:48:12.161] -    >  eth_getBalance: [
   >   "0xb696e0dd390dfa6fd731bd128863f332d40f68b8",
   >   "0x1a"
   > ]
[2024/11/05 12:48:12.165] -    >  eth_getBalance: [
   >   "0x33bc686e2adb94bb83d5659e8408e23f652c88f1",
   >   "0x1a"
   > ]
[2024/11/05 12:48:12.170] -    >  eth_getBalance: [
   >   "0x486295691c0c51a171691f81bb4e5b2e2e859226",
   >   "0x1a"
   > ]
[2024/11/05 12:48:12.173] -    >  eth_getBalance: [
   >   "0xd4907ee8324b00f2a005c15059e45c88a140d3fa",
   >   "0x1a"
   > ]
[2024/11/05 12:48:12.175] -    >  eth_getBalance: [
   >   "0xaf549d19c0037c5110bcc87e5c0e3d4198927f45",
   >   "0x1a"
   > ]
[2024/11/05 12:48:12.329] -    >  eth_blockNumber: []
[2024/11/05 12:48:12.364] -    >  eth_call: [
   >   {
   >     "to": "0x8207054385345e96cce8791d093c8a3812990989",
   >     "data": "0x95d89b41"
   >   },
   >   "0x1a"
   > ]
[2024/11/05 12:48:12.367] -    >  eth_call: [
   >   {
   >     "to": "0x8207054385345e96cce8791d093c8a3812990989",
   >     "data": "0x313ce567"
   >   },
   >   "0x1a"
   > ]
[2024/11/05 12:48:13.582] -    >  eth_getTransactionCount: [
   >   "0xaf549d19c0037c5110bcc87e5c0e3d4198927f45",
   >   "0x1a"
   > ]
[2024/11/05 12:48:13.608] -    >  eth_sendRawTransaction: [
   >   "0x02f8f28205391a843b9aca0084773594008307a120948207054385345e96cce8791d093c8a381299098980b88449c2a1a600000000000000000000000000000000000000000000000000000000000000200000000000000000000000000000000000000000000000000000000000000027546573742050726f706f73616c3a2055706461746520766f74696e6720706172616d657465727300000000000000000000000000000000000000000000000000c001a087fa1beda1ccde9139d0076252bf9e9b57ec53645f90000f658009792e297a38a055002d5a294b2fa698e9f8ede15337bd543adcd3badeae2cea1781f72070862d"
   > ]
[2024/11/05 12:48:13.626] - 
  Transaction: 0xb9ffd08bff8b7d9ae6ef473b502bf8087d59cbc63021e5bd638bb0e76c7c99d6
  Gas usage: 25029
  Block number: 27
  Block time: Tue Nov 05 2024 12:48:13 GMT+0100 (Central European Standard Time)
  Runtime error: revert
  Revert reason: Not a member

[2024/11/05 12:48:13.633] -    >  eth_getBlockByNumber: [
   >   "0x1b",
   >   true
   > ]
[2024/11/05 12:48:13.664] -    >  eth_call: [
   >   {
   >     "to": "0x8207054385345e96cce8791d093c8a3812990989",
   >     "data": "0x95d89b41"
   >   },
   >   "0x1a"
   > ]
[2024/11/05 12:48:13.666] -    >  eth_call: [
   >   {
   >     "to": "0x8207054385345e96cce8791d093c8a3812990989",
   >     "data": "0x313ce567"
   >   },
   >   "0x1a"
   > ]
[2024/11/05 12:48:13.761] -    >  eth_getBalance: [
   >   "0xaf549d19c0037c5110bcc87e5c0e3d4198927f45",
   >   "latest"
   > ]
[2024/11/05 12:48:13.803] -    >  eth_getTransactionCount: [
   >   "0xaf549d19c0037c5110bcc87e5c0e3d4198927f45",
   >   "latest"
   > ]
[2024/11/05 12:48:13.839] -    >  eth_getBalance: [
   >   "0x6edd7961757b88f3c6bc916bb11d265c5640e3fc",
   >   "latest"
   > ]
[2024/11/05 12:48:13.876] -    >  eth_getTransactionCount: [
   >   "0x6edd7961757b88f3c6bc916bb11d265c5640e3fc",
   >   "latest"
   > ]
[2024/11/05 12:48:13.907] -    >  eth_getBalance: [
   >   "0x488ddccda1be0215d0efa4c738b411d1f62e4afd",
   >   "latest"
   > ]
[2024/11/05 12:48:13.978] -    >  eth_getTransactionCount: [
   >   "0x488ddccda1be0215d0efa4c738b411d1f62e4afd",
   >   "latest"
   > ]
[2024/11/05 12:48:14.039] -    >  eth_getBalance: [
   >   "0x4dcb451c8a7c39057b87dfa812ee8a9bf17ed169",
   >   "latest"
   > ]
[2024/11/05 12:48:14.088] -    >  eth_getTransactionCount: [
   >   "0x4dcb451c8a7c39057b87dfa812ee8a9bf17ed169",
   >   "latest"
   > ]
[2024/11/05 12:48:14.121] -    >  eth_getBalance: [
   >   "0xf750702a101e7db6591f345056e4f0b457854fe4",
   >   "latest"
   > ]
[2024/11/05 12:48:14.156] -    >  eth_getTransactionCount: [
   >   "0xf750702a101e7db6591f345056e4f0b457854fe4",
   >   "latest"
   > ]
[2024/11/05 12:48:32.167] -    >  eth_blockNumber: []
[2024/11/05 12:48:53.465] -    >  eth_unsubscribe: [
   >   "0x3"
   > ]
[2024/11/05 12:48:53.467] -    >  eth_unsubscribe: [
   >   "0x4"
   > ]
